{"timestamp":"2025-08-09T15:12:21.216590","level":"info","event":"DAG bundles loaded: dags-folder","logger":"airflow.dag_processing.bundles.manager.DagBundlesManager"}
{"timestamp":"2025-08-09T15:12:21.218570","level":"info","event":"Filling up the DagBag from /opt/airflow/dags/sp_artist_id.py","logger":"airflow.models.dagbag.DagBag"}
{"timestamp":"2025-08-09T15:12:25.268732","level":"info","event":"Connection Retrieved 'gcp_spotify'","logger":"airflow.hooks.base"}
{"timestamp":"2025-08-09T15:12:25.436722","level":"info","event":"Connection Retrieved 'gcp_spotify'","logger":"airflow.hooks.base"}
{"timestamp":"2025-08-09T15:12:30.141277","level":"info","event":"Data stream uploaded to batches/20250809/batch_1.json in artist_names_batch bucket","logger":"airflow.task.hooks.airflow.providers.google.cloud.hooks.gcs.GCSHook"}
{"timestamp":"2025-08-09T15:12:31.118561","level":"info","event":"Data stream uploaded to batches/20250809/batch_2.json in artist_names_batch bucket","logger":"airflow.task.hooks.airflow.providers.google.cloud.hooks.gcs.GCSHook"}
{"timestamp":"2025-08-09T15:12:31.841986","level":"info","event":"Data stream uploaded to batches/20250809/batch_3.json in artist_names_batch bucket","logger":"airflow.task.hooks.airflow.providers.google.cloud.hooks.gcs.GCSHook"}
{"timestamp":"2025-08-09T15:12:32.330424","level":"info","event":"Data stream uploaded to batches/20250809/batch_4.json in artist_names_batch bucket","logger":"airflow.task.hooks.airflow.providers.google.cloud.hooks.gcs.GCSHook"}
{"timestamp":"2025-08-09T15:12:32.993242","level":"info","event":"Data stream uploaded to batches/20250809/batch_5.json in artist_names_batch bucket","logger":"airflow.task.hooks.airflow.providers.google.cloud.hooks.gcs.GCSHook"}
{"timestamp":"2025-08-09T15:12:33.490542","level":"info","event":"Data stream uploaded to batches/20250809/batch_6.json in artist_names_batch bucket","logger":"airflow.task.hooks.airflow.providers.google.cloud.hooks.gcs.GCSHook"}
{"timestamp":"2025-08-09T15:12:33.902918","level":"info","event":"Data stream uploaded to batches/20250809/batch_7.json in artist_names_batch bucket","logger":"airflow.task.hooks.airflow.providers.google.cloud.hooks.gcs.GCSHook"}
{"timestamp":"2025-08-09T15:12:34.621409","level":"info","event":"Data stream uploaded to batches/20250809/batch_8.json in artist_names_batch bucket","logger":"airflow.task.hooks.airflow.providers.google.cloud.hooks.gcs.GCSHook"}
{"timestamp":"2025-08-09T15:12:35.086241","level":"info","event":"Data stream uploaded to batches/20250809/batch_9.json in artist_names_batch bucket","logger":"airflow.task.hooks.airflow.providers.google.cloud.hooks.gcs.GCSHook"}
{"timestamp":"2025-08-09T15:12:35.544570","level":"info","event":"Data stream uploaded to batches/20250809/batch_10.json in artist_names_batch bucket","logger":"airflow.task.hooks.airflow.providers.google.cloud.hooks.gcs.GCSHook"}
{"timestamp":"2025-08-09T15:12:36.054690","level":"info","event":"Data stream uploaded to batches/20250809/batch_11.json in artist_names_batch bucket","logger":"airflow.task.hooks.airflow.providers.google.cloud.hooks.gcs.GCSHook"}
{"timestamp":"2025-08-09T15:12:36.584310","level":"info","event":"Data stream uploaded to batches/20250809/batch_12.json in artist_names_batch bucket","logger":"airflow.task.hooks.airflow.providers.google.cloud.hooks.gcs.GCSHook"}
{"timestamp":"2025-08-09T15:12:37.080876","level":"info","event":"Data stream uploaded to batches/20250809/batch_13.json in artist_names_batch bucket","logger":"airflow.task.hooks.airflow.providers.google.cloud.hooks.gcs.GCSHook"}
{"timestamp":"2025-08-09T15:12:37.592822","level":"info","event":"Data stream uploaded to batches/20250809/batch_14.json in artist_names_batch bucket","logger":"airflow.task.hooks.airflow.providers.google.cloud.hooks.gcs.GCSHook"}
{"timestamp":"2025-08-09T15:12:38.008066","level":"info","event":"Data stream uploaded to batches/20250809/batch_15.json in artist_names_batch bucket","logger":"airflow.task.hooks.airflow.providers.google.cloud.hooks.gcs.GCSHook"}
{"timestamp":"2025-08-09T15:12:38.545981","level":"info","event":"Data stream uploaded to batches/20250809/batch_16.json in artist_names_batch bucket","logger":"airflow.task.hooks.airflow.providers.google.cloud.hooks.gcs.GCSHook"}
{"timestamp":"2025-08-09T15:12:39.043086","level":"info","event":"Data stream uploaded to batches/20250809/batch_17.json in artist_names_batch bucket","logger":"airflow.task.hooks.airflow.providers.google.cloud.hooks.gcs.GCSHook"}
{"timestamp":"2025-08-09T15:12:39.665773","level":"info","event":"Data stream uploaded to batches/20250809/batch_18.json in artist_names_batch bucket","logger":"airflow.task.hooks.airflow.providers.google.cloud.hooks.gcs.GCSHook"}
{"timestamp":"2025-08-09T15:12:40.290447","level":"info","event":"Data stream uploaded to batches/20250809/batch_19.json in artist_names_batch bucket","logger":"airflow.task.hooks.airflow.providers.google.cloud.hooks.gcs.GCSHook"}
{"timestamp":"2025-08-09T15:12:40.785926","level":"info","event":"Data stream uploaded to batches/20250809/batch_20.json in artist_names_batch bucket","logger":"airflow.task.hooks.airflow.providers.google.cloud.hooks.gcs.GCSHook"}
{"timestamp":"2025-08-09T15:12:41.484913","level":"info","event":"Data stream uploaded to batches/20250809/batch_21.json in artist_names_batch bucket","logger":"airflow.task.hooks.airflow.providers.google.cloud.hooks.gcs.GCSHook"}
{"timestamp":"2025-08-09T15:12:41.935700","level":"info","event":"Data stream uploaded to batches/20250809/batch_22.json in artist_names_batch bucket","logger":"airflow.task.hooks.airflow.providers.google.cloud.hooks.gcs.GCSHook"}
{"timestamp":"2025-08-09T15:12:42.709960","level":"info","event":"Data stream uploaded to batches/20250809/batch_23.json in artist_names_batch bucket","logger":"airflow.task.hooks.airflow.providers.google.cloud.hooks.gcs.GCSHook"}
{"timestamp":"2025-08-09T15:12:43.151402","level":"info","event":"Data stream uploaded to batches/20250809/batch_24.json in artist_names_batch bucket","logger":"airflow.task.hooks.airflow.providers.google.cloud.hooks.gcs.GCSHook"}
{"timestamp":"2025-08-09T15:12:43.944836","level":"info","event":"Data stream uploaded to batches/20250809/batch_25.json in artist_names_batch bucket","logger":"airflow.task.hooks.airflow.providers.google.cloud.hooks.gcs.GCSHook"}
{"timestamp":"2025-08-09T15:12:44.383019","level":"info","event":"Data stream uploaded to batches/20250809/batch_26.json in artist_names_batch bucket","logger":"airflow.task.hooks.airflow.providers.google.cloud.hooks.gcs.GCSHook"}
{"timestamp":"2025-08-09T15:12:45.224674","level":"info","event":"Data stream uploaded to batches/20250809/batch_27.json in artist_names_batch bucket","logger":"airflow.task.hooks.airflow.providers.google.cloud.hooks.gcs.GCSHook"}
{"timestamp":"2025-08-09T15:12:45.681904","level":"info","event":"Data stream uploaded to batches/20250809/batch_28.json in artist_names_batch bucket","logger":"airflow.task.hooks.airflow.providers.google.cloud.hooks.gcs.GCSHook"}
{"timestamp":"2025-08-09T15:12:46.501492","level":"info","event":"Data stream uploaded to batches/20250809/batch_29.json in artist_names_batch bucket","logger":"airflow.task.hooks.airflow.providers.google.cloud.hooks.gcs.GCSHook"}
{"timestamp":"2025-08-09T15:12:47.007525","level":"info","event":"Data stream uploaded to batches/20250809/batch_30.json in artist_names_batch bucket","logger":"airflow.task.hooks.airflow.providers.google.cloud.hooks.gcs.GCSHook"}
{"timestamp":"2025-08-09T15:12:47.011742","level":"info","event":"Done. Returned value was: ['batches/20250809/batch_1.json', 'batches/20250809/batch_2.json', 'batches/20250809/batch_3.json', 'batches/20250809/batch_4.json', 'batches/20250809/batch_5.json', 'batches/20250809/batch_6.json', 'batches/20250809/batch_7.json', 'batches/20250809/batch_8.json', 'batches/20250809/batch_9.json', 'batches/20250809/batch_10.json', 'batches/20250809/batch_11.json', 'batches/20250809/batch_12.json', 'batches/20250809/batch_13.json', 'batches/20250809/batch_14.json', 'batches/20250809/batch_15.json', 'batches/20250809/batch_16.json', 'batches/20250809/batch_17.json', 'batches/20250809/batch_18.json', 'batches/20250809/batch_19.json', 'batches/20250809/batch_20.json', 'batches/20250809/batch_21.json', 'batches/20250809/batch_22.json', 'batches/20250809/batch_23.json', 'batches/20250809/batch_24.json', 'batches/20250809/batch_25.json', 'batches/20250809/batch_26.json', 'batches/20250809/batch_27.json', 'batches/20250809/batch_28.json', 'batches/20250809/batch_29.json', 'batches/20250809/batch_30.json']","logger":"airflow.task.operators.airflow.providers.standard.operators.python.PythonOperator"}
{"timestamp":"2025-08-09T15:12:47.016990","level":"info","event":"Pushing xcom","ti":"RuntimeTaskInstance(id=UUID('01988f63-c840-7c1d-a3dd-abb5c8f6f3be'), task_id='create_and_save_batches', dag_id='artist_id_and_name_v02', run_id='scheduled__2025-08-09T15:00:00+00:00', try_number=1, map_index=-1, hostname='0807ac29ca19', context_carrier=None, task=<Task(PythonOperator): create_and_save_batches>, bundle_instance=LocalDagBundle(name=dags-folder), max_tries=1, start_date=datetime.datetime(2025, 8, 9, 15, 12, 18, 633169, tzinfo=datetime.timezone.utc), end_date=None, state=<TaskInstanceState.RUNNING: 'running'>, is_mapped=False, rendered_map_index=None, log_url='http://localhost:8080/dags/artist_id_and_name_v02/runs/scheduled__2025-08-09T15%3A00%3A00%2B00%3A00/tasks/create_and_save_batches?try_number=1')","logger":"task"}
