{"timestamp":"2025-08-22T09:00:02.140528","level":"info","event":"DAG bundles loaded: dags-folder","logger":"airflow.dag_processing.bundles.manager.DagBundlesManager"}
{"timestamp":"2025-08-22T09:00:02.146521","level":"info","event":"Filling up the DagBag from /opt/airflow/dags/sp_artist_id.py","logger":"airflow.models.dagbag.DagBag"}
{"timestamp":"2025-08-22T09:00:04.317610","level":"info","event":"Connection Retrieved 'gcp_spotify'","logger":"airflow.hooks.base"}
{"timestamp":"2025-08-22T09:00:04.327918","level":"info","event":"Connection Retrieved 'gcp_spotify'","logger":"airflow.hooks.base"}
{"timestamp":"2025-08-22T09:00:06.680107","level":"info","event":"Data stream uploaded to 20250822/batch_000001.json in artist_names_batch bucket","logger":"airflow.task.hooks.airflow.providers.google.cloud.hooks.gcs.GCSHook"}
{"timestamp":"2025-08-22T09:00:07.606986","level":"info","event":"Data stream uploaded to 20250822/batch_000002.json in artist_names_batch bucket","logger":"airflow.task.hooks.airflow.providers.google.cloud.hooks.gcs.GCSHook"}
{"timestamp":"2025-08-22T09:00:08.245358","level":"info","event":"Data stream uploaded to 20250822/batch_000003.json in artist_names_batch bucket","logger":"airflow.task.hooks.airflow.providers.google.cloud.hooks.gcs.GCSHook"}
{"timestamp":"2025-08-22T09:00:08.671372","level":"info","event":"Data stream uploaded to 20250822/batch_000004.json in artist_names_batch bucket","logger":"airflow.task.hooks.airflow.providers.google.cloud.hooks.gcs.GCSHook"}
{"timestamp":"2025-08-22T09:00:09.372504","level":"info","event":"Data stream uploaded to 20250822/batch_000005.json in artist_names_batch bucket","logger":"airflow.task.hooks.airflow.providers.google.cloud.hooks.gcs.GCSHook"}
{"timestamp":"2025-08-22T09:00:09.883625","level":"info","event":"Data stream uploaded to 20250822/batch_000006.json in artist_names_batch bucket","logger":"airflow.task.hooks.airflow.providers.google.cloud.hooks.gcs.GCSHook"}
{"timestamp":"2025-08-22T09:00:10.501917","level":"info","event":"Data stream uploaded to 20250822/batch_000007.json in artist_names_batch bucket","logger":"airflow.task.hooks.airflow.providers.google.cloud.hooks.gcs.GCSHook"}
{"timestamp":"2025-08-22T09:00:11.721877","level":"info","event":"Data stream uploaded to 20250822/batch_000008.json in artist_names_batch bucket","logger":"airflow.task.hooks.airflow.providers.google.cloud.hooks.gcs.GCSHook"}
{"timestamp":"2025-08-22T09:00:12.349395","level":"info","event":"Data stream uploaded to 20250822/batch_000009.json in artist_names_batch bucket","logger":"airflow.task.hooks.airflow.providers.google.cloud.hooks.gcs.GCSHook"}
{"timestamp":"2025-08-22T09:00:13.057584","level":"info","event":"Data stream uploaded to 20250822/batch_000010.json in artist_names_batch bucket","logger":"airflow.task.hooks.airflow.providers.google.cloud.hooks.gcs.GCSHook"}
{"timestamp":"2025-08-22T09:00:13.673629","level":"info","event":"Data stream uploaded to 20250822/batch_000011.json in artist_names_batch bucket","logger":"airflow.task.hooks.airflow.providers.google.cloud.hooks.gcs.GCSHook"}
{"timestamp":"2025-08-22T09:00:14.322529","level":"info","event":"Data stream uploaded to 20250822/batch_000012.json in artist_names_batch bucket","logger":"airflow.task.hooks.airflow.providers.google.cloud.hooks.gcs.GCSHook"}
{"timestamp":"2025-08-22T09:00:14.804666","level":"info","event":"Data stream uploaded to 20250822/batch_000013.json in artist_names_batch bucket","logger":"airflow.task.hooks.airflow.providers.google.cloud.hooks.gcs.GCSHook"}
{"timestamp":"2025-08-22T09:00:15.445815","level":"info","event":"Data stream uploaded to 20250822/batch_000014.json in artist_names_batch bucket","logger":"airflow.task.hooks.airflow.providers.google.cloud.hooks.gcs.GCSHook"}
{"timestamp":"2025-08-22T09:00:15.946948","level":"info","event":"Data stream uploaded to 20250822/batch_000015.json in artist_names_batch bucket","logger":"airflow.task.hooks.airflow.providers.google.cloud.hooks.gcs.GCSHook"}
{"timestamp":"2025-08-22T09:00:16.549533","level":"info","event":"Data stream uploaded to 20250822/batch_000016.json in artist_names_batch bucket","logger":"airflow.task.hooks.airflow.providers.google.cloud.hooks.gcs.GCSHook"}
{"timestamp":"2025-08-22T09:00:17.053780","level":"info","event":"Data stream uploaded to 20250822/batch_000017.json in artist_names_batch bucket","logger":"airflow.task.hooks.airflow.providers.google.cloud.hooks.gcs.GCSHook"}
{"timestamp":"2025-08-22T09:00:17.638455","level":"info","event":"Data stream uploaded to 20250822/batch_000018.json in artist_names_batch bucket","logger":"airflow.task.hooks.airflow.providers.google.cloud.hooks.gcs.GCSHook"}
{"timestamp":"2025-08-22T09:00:18.175332","level":"info","event":"Data stream uploaded to 20250822/batch_000019.json in artist_names_batch bucket","logger":"airflow.task.hooks.airflow.providers.google.cloud.hooks.gcs.GCSHook"}
{"timestamp":"2025-08-22T09:00:18.712018","level":"info","event":"Data stream uploaded to 20250822/batch_000020.json in artist_names_batch bucket","logger":"airflow.task.hooks.airflow.providers.google.cloud.hooks.gcs.GCSHook"}
{"timestamp":"2025-08-22T09:00:19.412649","level":"info","event":"Data stream uploaded to 20250822/batch_000021.json in artist_names_batch bucket","logger":"airflow.task.hooks.airflow.providers.google.cloud.hooks.gcs.GCSHook"}
{"timestamp":"2025-08-22T09:00:19.919997","level":"info","event":"Data stream uploaded to 20250822/batch_000022.json in artist_names_batch bucket","logger":"airflow.task.hooks.airflow.providers.google.cloud.hooks.gcs.GCSHook"}
{"timestamp":"2025-08-22T09:00:20.516040","level":"info","event":"Data stream uploaded to 20250822/batch_000023.json in artist_names_batch bucket","logger":"airflow.task.hooks.airflow.providers.google.cloud.hooks.gcs.GCSHook"}
{"timestamp":"2025-08-22T09:00:20.996402","level":"info","event":"Data stream uploaded to 20250822/batch_000024.json in artist_names_batch bucket","logger":"airflow.task.hooks.airflow.providers.google.cloud.hooks.gcs.GCSHook"}
{"timestamp":"2025-08-22T09:00:21.759337","level":"info","event":"Data stream uploaded to 20250822/batch_000025.json in artist_names_batch bucket","logger":"airflow.task.hooks.airflow.providers.google.cloud.hooks.gcs.GCSHook"}
{"timestamp":"2025-08-22T09:00:22.376705","level":"info","event":"Data stream uploaded to 20250822/batch_000026.json in artist_names_batch bucket","logger":"airflow.task.hooks.airflow.providers.google.cloud.hooks.gcs.GCSHook"}
{"timestamp":"2025-08-22T09:00:22.888653","level":"info","event":"Data stream uploaded to 20250822/batch_000027.json in artist_names_batch bucket","logger":"airflow.task.hooks.airflow.providers.google.cloud.hooks.gcs.GCSHook"}
{"timestamp":"2025-08-22T09:00:23.503735","level":"info","event":"Data stream uploaded to 20250822/batch_000028.json in artist_names_batch bucket","logger":"airflow.task.hooks.airflow.providers.google.cloud.hooks.gcs.GCSHook"}
{"timestamp":"2025-08-22T09:00:24.019306","level":"info","event":"Data stream uploaded to 20250822/batch_000029.json in artist_names_batch bucket","logger":"airflow.task.hooks.airflow.providers.google.cloud.hooks.gcs.GCSHook"}
{"timestamp":"2025-08-22T09:00:24.979589","level":"info","event":"Data stream uploaded to 20250822/batch_000030.json in artist_names_batch bucket","logger":"airflow.task.hooks.airflow.providers.google.cloud.hooks.gcs.GCSHook"}
{"timestamp":"2025-08-22T09:00:25.297301","level":"info","event":"Done. Returned value was: None","logger":"airflow.task.operators.airflow.providers.standard.operators.python.PythonOperator"}
