{"timestamp":"2025-08-22T15:00:01.405813","level":"info","event":"DAG bundles loaded: dags-folder","logger":"airflow.dag_processing.bundles.manager.DagBundlesManager"}
{"timestamp":"2025-08-22T15:00:01.410765","level":"info","event":"Filling up the DagBag from /opt/airflow/dags/sp_artist_id.py","logger":"airflow.models.dagbag.DagBag"}
{"timestamp":"2025-08-22T15:00:03.716836","level":"info","event":"Connection Retrieved 'gcp_spotify'","logger":"airflow.hooks.base"}
{"timestamp":"2025-08-22T15:00:03.730032","level":"info","event":"Connection Retrieved 'gcp_spotify'","logger":"airflow.hooks.base"}
{"timestamp":"2025-08-22T15:00:06.405698","level":"info","event":"Data stream uploaded to 20250822/batch_000001.json in artist_names_batch bucket","logger":"airflow.task.hooks.airflow.providers.google.cloud.hooks.gcs.GCSHook"}
{"timestamp":"2025-08-22T15:00:07.283082","level":"info","event":"Data stream uploaded to 20250822/batch_000002.json in artist_names_batch bucket","logger":"airflow.task.hooks.airflow.providers.google.cloud.hooks.gcs.GCSHook"}
{"timestamp":"2025-08-22T15:00:07.975944","level":"info","event":"Data stream uploaded to 20250822/batch_000003.json in artist_names_batch bucket","logger":"airflow.task.hooks.airflow.providers.google.cloud.hooks.gcs.GCSHook"}
{"timestamp":"2025-08-22T15:00:08.384188","level":"info","event":"Data stream uploaded to 20250822/batch_000004.json in artist_names_batch bucket","logger":"airflow.task.hooks.airflow.providers.google.cloud.hooks.gcs.GCSHook"}
{"timestamp":"2025-08-22T15:00:09.113131","level":"info","event":"Data stream uploaded to 20250822/batch_000005.json in artist_names_batch bucket","logger":"airflow.task.hooks.airflow.providers.google.cloud.hooks.gcs.GCSHook"}
{"timestamp":"2025-08-22T15:00:09.587765","level":"info","event":"Data stream uploaded to 20250822/batch_000006.json in artist_names_batch bucket","logger":"airflow.task.hooks.airflow.providers.google.cloud.hooks.gcs.GCSHook"}
{"timestamp":"2025-08-22T15:00:10.269098","level":"info","event":"Data stream uploaded to 20250822/batch_000007.json in artist_names_batch bucket","logger":"airflow.task.hooks.airflow.providers.google.cloud.hooks.gcs.GCSHook"}
{"timestamp":"2025-08-22T15:00:10.739133","level":"info","event":"Data stream uploaded to 20250822/batch_000008.json in artist_names_batch bucket","logger":"airflow.task.hooks.airflow.providers.google.cloud.hooks.gcs.GCSHook"}
{"timestamp":"2025-08-22T15:00:11.565889","level":"info","event":"Data stream uploaded to 20250822/batch_000009.json in artist_names_batch bucket","logger":"airflow.task.hooks.airflow.providers.google.cloud.hooks.gcs.GCSHook"}
{"timestamp":"2025-08-22T15:00:12.055968","level":"info","event":"Data stream uploaded to 20250822/batch_000010.json in artist_names_batch bucket","logger":"airflow.task.hooks.airflow.providers.google.cloud.hooks.gcs.GCSHook"}
{"timestamp":"2025-08-22T15:00:13.606980","level":"info","event":"Data stream uploaded to 20250822/batch_000011.json in artist_names_batch bucket","logger":"airflow.task.hooks.airflow.providers.google.cloud.hooks.gcs.GCSHook"}
{"timestamp":"2025-08-22T15:00:14.343625","level":"info","event":"Data stream uploaded to 20250822/batch_000012.json in artist_names_batch bucket","logger":"airflow.task.hooks.airflow.providers.google.cloud.hooks.gcs.GCSHook"}
{"timestamp":"2025-08-22T15:00:14.942927","level":"info","event":"Data stream uploaded to 20250822/batch_000013.json in artist_names_batch bucket","logger":"airflow.task.hooks.airflow.providers.google.cloud.hooks.gcs.GCSHook"}
{"timestamp":"2025-08-22T15:00:15.544942","level":"info","event":"Data stream uploaded to 20250822/batch_000014.json in artist_names_batch bucket","logger":"airflow.task.hooks.airflow.providers.google.cloud.hooks.gcs.GCSHook"}
{"timestamp":"2025-08-22T15:00:16.039848","level":"info","event":"Data stream uploaded to 20250822/batch_000015.json in artist_names_batch bucket","logger":"airflow.task.hooks.airflow.providers.google.cloud.hooks.gcs.GCSHook"}
{"timestamp":"2025-08-22T15:00:16.679027","level":"info","event":"Data stream uploaded to 20250822/batch_000016.json in artist_names_batch bucket","logger":"airflow.task.hooks.airflow.providers.google.cloud.hooks.gcs.GCSHook"}
{"timestamp":"2025-08-22T15:00:17.140414","level":"info","event":"Data stream uploaded to 20250822/batch_000017.json in artist_names_batch bucket","logger":"airflow.task.hooks.airflow.providers.google.cloud.hooks.gcs.GCSHook"}
{"timestamp":"2025-08-22T15:00:17.793276","level":"info","event":"Data stream uploaded to 20250822/batch_000018.json in artist_names_batch bucket","logger":"airflow.task.hooks.airflow.providers.google.cloud.hooks.gcs.GCSHook"}
{"timestamp":"2025-08-22T15:00:18.309644","level":"info","event":"Data stream uploaded to 20250822/batch_000019.json in artist_names_batch bucket","logger":"airflow.task.hooks.airflow.providers.google.cloud.hooks.gcs.GCSHook"}
{"timestamp":"2025-08-22T15:00:18.906206","level":"info","event":"Data stream uploaded to 20250822/batch_000020.json in artist_names_batch bucket","logger":"airflow.task.hooks.airflow.providers.google.cloud.hooks.gcs.GCSHook"}
{"timestamp":"2025-08-22T15:00:19.461778","level":"info","event":"Data stream uploaded to 20250822/batch_000021.json in artist_names_batch bucket","logger":"airflow.task.hooks.airflow.providers.google.cloud.hooks.gcs.GCSHook"}
{"timestamp":"2025-08-22T15:00:20.140262","level":"info","event":"Data stream uploaded to 20250822/batch_000022.json in artist_names_batch bucket","logger":"airflow.task.hooks.airflow.providers.google.cloud.hooks.gcs.GCSHook"}
{"timestamp":"2025-08-22T15:00:20.800334","level":"info","event":"Data stream uploaded to 20250822/batch_000023.json in artist_names_batch bucket","logger":"airflow.task.hooks.airflow.providers.google.cloud.hooks.gcs.GCSHook"}
{"timestamp":"2025-08-22T15:00:21.824262","level":"info","event":"Data stream uploaded to 20250822/batch_000024.json in artist_names_batch bucket","logger":"airflow.task.hooks.airflow.providers.google.cloud.hooks.gcs.GCSHook"}
{"timestamp":"2025-08-22T15:00:22.330246","level":"info","event":"Data stream uploaded to 20250822/batch_000025.json in artist_names_batch bucket","logger":"airflow.task.hooks.airflow.providers.google.cloud.hooks.gcs.GCSHook"}
{"timestamp":"2025-08-22T15:00:23.056346","level":"info","event":"Data stream uploaded to 20250822/batch_000026.json in artist_names_batch bucket","logger":"airflow.task.hooks.airflow.providers.google.cloud.hooks.gcs.GCSHook"}
{"timestamp":"2025-08-22T15:00:23.807703","level":"info","event":"Data stream uploaded to 20250822/batch_000027.json in artist_names_batch bucket","logger":"airflow.task.hooks.airflow.providers.google.cloud.hooks.gcs.GCSHook"}
{"timestamp":"2025-08-22T15:00:24.257592","level":"info","event":"Data stream uploaded to 20250822/batch_000028.json in artist_names_batch bucket","logger":"airflow.task.hooks.airflow.providers.google.cloud.hooks.gcs.GCSHook"}
{"timestamp":"2025-08-22T15:00:24.935388","level":"info","event":"Data stream uploaded to 20250822/batch_000029.json in artist_names_batch bucket","logger":"airflow.task.hooks.airflow.providers.google.cloud.hooks.gcs.GCSHook"}
{"timestamp":"2025-08-22T15:00:25.929392","level":"info","event":"Data stream uploaded to 20250822/batch_000030.json in artist_names_batch bucket","logger":"airflow.task.hooks.airflow.providers.google.cloud.hooks.gcs.GCSHook"}
{"timestamp":"2025-08-22T15:00:26.683333","level":"info","event":"Done. Returned value was: None","logger":"airflow.task.operators.airflow.providers.standard.operators.python.PythonOperator"}
