{"timestamp":"2025-08-09T15:12:18.994754","level":"info","event":"DAG bundles loaded: dags-folder","logger":"airflow.dag_processing.bundles.manager.DagBundlesManager"}
{"timestamp":"2025-08-09T15:12:18.998266","level":"info","event":"Filling up the DagBag from /opt/airflow/dags/sp_artist_id.py","logger":"airflow.models.dagbag.DagBag"}
{"timestamp":"2025-08-09T15:12:21.892298","level":"info","event":"Connection Retrieved 'gcp_spotify'","logger":"airflow.hooks.base"}
{"timestamp":"2025-08-09T15:12:21.972766","level":"info","event":"Connection Retrieved 'gcp_spotify'","logger":"airflow.hooks.base"}
{"timestamp":"2025-08-09T15:12:26.424002","level":"info","event":"Data stream uploaded to batches/20250809/batch_1.json in artist_names_batch bucket","logger":"airflow.task.hooks.airflow.providers.google.cloud.hooks.gcs.GCSHook"}
{"timestamp":"2025-08-09T15:12:30.128996","level":"info","event":"Data stream uploaded to batches/20250809/batch_2.json in artist_names_batch bucket","logger":"airflow.task.hooks.airflow.providers.google.cloud.hooks.gcs.GCSHook"}
{"timestamp":"2025-08-09T15:12:30.508894","level":"info","event":"Data stream uploaded to batches/20250809/batch_3.json in artist_names_batch bucket","logger":"airflow.task.hooks.airflow.providers.google.cloud.hooks.gcs.GCSHook"}
{"timestamp":"2025-08-09T15:12:30.913885","level":"info","event":"Data stream uploaded to batches/20250809/batch_4.json in artist_names_batch bucket","logger":"airflow.task.hooks.airflow.providers.google.cloud.hooks.gcs.GCSHook"}
{"timestamp":"2025-08-09T15:12:31.322471","level":"info","event":"Data stream uploaded to batches/20250809/batch_5.json in artist_names_batch bucket","logger":"airflow.task.hooks.airflow.providers.google.cloud.hooks.gcs.GCSHook"}
{"timestamp":"2025-08-09T15:12:31.700843","level":"info","event":"Data stream uploaded to batches/20250809/batch_6.json in artist_names_batch bucket","logger":"airflow.task.hooks.airflow.providers.google.cloud.hooks.gcs.GCSHook"}
{"timestamp":"2025-08-09T15:12:32.073012","level":"info","event":"Data stream uploaded to batches/20250809/batch_7.json in artist_names_batch bucket","logger":"airflow.task.hooks.airflow.providers.google.cloud.hooks.gcs.GCSHook"}
{"timestamp":"2025-08-09T15:12:32.588574","level":"info","event":"Data stream uploaded to batches/20250809/batch_8.json in artist_names_batch bucket","logger":"airflow.task.hooks.airflow.providers.google.cloud.hooks.gcs.GCSHook"}
{"timestamp":"2025-08-09T15:12:32.987721","level":"info","event":"Data stream uploaded to batches/20250809/batch_9.json in artist_names_batch bucket","logger":"airflow.task.hooks.airflow.providers.google.cloud.hooks.gcs.GCSHook"}
{"timestamp":"2025-08-09T15:12:33.491169","level":"info","event":"Data stream uploaded to batches/20250809/batch_10.json in artist_names_batch bucket","logger":"airflow.task.hooks.airflow.providers.google.cloud.hooks.gcs.GCSHook"}
{"timestamp":"2025-08-09T15:12:33.902523","level":"info","event":"Data stream uploaded to batches/20250809/batch_11.json in artist_names_batch bucket","logger":"airflow.task.hooks.airflow.providers.google.cloud.hooks.gcs.GCSHook"}
{"timestamp":"2025-08-09T15:12:34.622653","level":"info","event":"Data stream uploaded to batches/20250809/batch_12.json in artist_names_batch bucket","logger":"airflow.task.hooks.airflow.providers.google.cloud.hooks.gcs.GCSHook"}
{"timestamp":"2025-08-09T15:12:35.025996","level":"info","event":"Data stream uploaded to batches/20250809/batch_13.json in artist_names_batch bucket","logger":"airflow.task.hooks.airflow.providers.google.cloud.hooks.gcs.GCSHook"}
{"timestamp":"2025-08-09T15:12:35.543868","level":"info","event":"Data stream uploaded to batches/20250809/batch_14.json in artist_names_batch bucket","logger":"airflow.task.hooks.airflow.providers.google.cloud.hooks.gcs.GCSHook"}
{"timestamp":"2025-08-09T15:12:36.056123","level":"info","event":"Data stream uploaded to batches/20250809/batch_15.json in artist_names_batch bucket","logger":"airflow.task.hooks.airflow.providers.google.cloud.hooks.gcs.GCSHook"}
{"timestamp":"2025-08-09T15:12:36.472495","level":"info","event":"Data stream uploaded to batches/20250809/batch_16.json in artist_names_batch bucket","logger":"airflow.task.hooks.airflow.providers.google.cloud.hooks.gcs.GCSHook"}
{"timestamp":"2025-08-09T15:12:36.826580","level":"info","event":"Data stream uploaded to batches/20250809/batch_17.json in artist_names_batch bucket","logger":"airflow.task.hooks.airflow.providers.google.cloud.hooks.gcs.GCSHook"}
{"timestamp":"2025-08-09T15:12:37.197573","level":"info","event":"Data stream uploaded to batches/20250809/batch_18.json in artist_names_batch bucket","logger":"airflow.task.hooks.airflow.providers.google.cloud.hooks.gcs.GCSHook"}
{"timestamp":"2025-08-09T15:12:37.592852","level":"info","event":"Data stream uploaded to batches/20250809/batch_19.json in artist_names_batch bucket","logger":"airflow.task.hooks.airflow.providers.google.cloud.hooks.gcs.GCSHook"}
{"timestamp":"2025-08-09T15:12:38.005048","level":"info","event":"Data stream uploaded to batches/20250809/batch_20.json in artist_names_batch bucket","logger":"airflow.task.hooks.airflow.providers.google.cloud.hooks.gcs.GCSHook"}
{"timestamp":"2025-08-09T15:12:38.548089","level":"info","event":"Data stream uploaded to batches/20250809/batch_21.json in artist_names_batch bucket","logger":"airflow.task.hooks.airflow.providers.google.cloud.hooks.gcs.GCSHook"}
{"timestamp":"2025-08-09T15:12:39.043946","level":"info","event":"Data stream uploaded to batches/20250809/batch_22.json in artist_names_batch bucket","logger":"airflow.task.hooks.airflow.providers.google.cloud.hooks.gcs.GCSHook"}
{"timestamp":"2025-08-09T15:12:39.457509","level":"info","event":"Data stream uploaded to batches/20250809/batch_23.json in artist_names_batch bucket","logger":"airflow.task.hooks.airflow.providers.google.cloud.hooks.gcs.GCSHook"}
{"timestamp":"2025-08-09T15:12:40.071041","level":"info","event":"Data stream uploaded to batches/20250809/batch_24.json in artist_names_batch bucket","logger":"airflow.task.hooks.airflow.providers.google.cloud.hooks.gcs.GCSHook"}
{"timestamp":"2025-08-09T15:12:40.475747","level":"info","event":"Data stream uploaded to batches/20250809/batch_25.json in artist_names_batch bucket","logger":"airflow.task.hooks.airflow.providers.google.cloud.hooks.gcs.GCSHook"}
{"timestamp":"2025-08-09T15:12:40.891848","level":"info","event":"Data stream uploaded to batches/20250809/batch_26.json in artist_names_batch bucket","logger":"airflow.task.hooks.airflow.providers.google.cloud.hooks.gcs.GCSHook"}
{"timestamp":"2025-08-09T15:12:41.484870","level":"info","event":"Data stream uploaded to batches/20250809/batch_27.json in artist_names_batch bucket","logger":"airflow.task.hooks.airflow.providers.google.cloud.hooks.gcs.GCSHook"}
{"timestamp":"2025-08-09T15:12:41.845893","level":"info","event":"Data stream uploaded to batches/20250809/batch_28.json in artist_names_batch bucket","logger":"airflow.task.hooks.airflow.providers.google.cloud.hooks.gcs.GCSHook"}
{"timestamp":"2025-08-09T15:12:42.226562","level":"info","event":"Data stream uploaded to batches/20250809/batch_29.json in artist_names_batch bucket","logger":"airflow.task.hooks.airflow.providers.google.cloud.hooks.gcs.GCSHook"}
{"timestamp":"2025-08-09T15:12:42.707623","level":"info","event":"Data stream uploaded to batches/20250809/batch_30.json in artist_names_batch bucket","logger":"airflow.task.hooks.airflow.providers.google.cloud.hooks.gcs.GCSHook"}
{"timestamp":"2025-08-09T15:12:42.711485","level":"info","event":"Done. Returned value was: ['batches/20250809/batch_1.json', 'batches/20250809/batch_2.json', 'batches/20250809/batch_3.json', 'batches/20250809/batch_4.json', 'batches/20250809/batch_5.json', 'batches/20250809/batch_6.json', 'batches/20250809/batch_7.json', 'batches/20250809/batch_8.json', 'batches/20250809/batch_9.json', 'batches/20250809/batch_10.json', 'batches/20250809/batch_11.json', 'batches/20250809/batch_12.json', 'batches/20250809/batch_13.json', 'batches/20250809/batch_14.json', 'batches/20250809/batch_15.json', 'batches/20250809/batch_16.json', 'batches/20250809/batch_17.json', 'batches/20250809/batch_18.json', 'batches/20250809/batch_19.json', 'batches/20250809/batch_20.json', 'batches/20250809/batch_21.json', 'batches/20250809/batch_22.json', 'batches/20250809/batch_23.json', 'batches/20250809/batch_24.json', 'batches/20250809/batch_25.json', 'batches/20250809/batch_26.json', 'batches/20250809/batch_27.json', 'batches/20250809/batch_28.json', 'batches/20250809/batch_29.json', 'batches/20250809/batch_30.json']","logger":"airflow.task.operators.airflow.providers.standard.operators.python.PythonOperator"}
{"timestamp":"2025-08-09T15:12:42.716141","level":"info","event":"Pushing xcom","ti":"RuntimeTaskInstance(id=UUID('01988f63-c7d2-77e3-adce-a9d7dfccd705'), task_id='create_and_save_batches', dag_id='artist_id_and_name_v02', run_id='manual__2025-08-09T15:12:17.772812+00:00', try_number=1, map_index=-1, hostname='0807ac29ca19', context_carrier=None, task=<Task(PythonOperator): create_and_save_batches>, bundle_instance=LocalDagBundle(name=dags-folder), max_tries=1, start_date=datetime.datetime(2025, 8, 9, 15, 12, 18, 636272, tzinfo=datetime.timezone.utc), end_date=None, state=<TaskInstanceState.RUNNING: 'running'>, is_mapped=False, rendered_map_index=None, log_url='http://localhost:8080/dags/artist_id_and_name_v02/runs/manual__2025-08-09T15%3A12%3A17.772812%2B00%3A00/tasks/create_and_save_batches?try_number=1')","logger":"task"}
