{"timestamp":"2025-08-22T13:00:01.303758","level":"info","event":"DAG bundles loaded: dags-folder","logger":"airflow.dag_processing.bundles.manager.DagBundlesManager"}
{"timestamp":"2025-08-22T13:00:01.305072","level":"info","event":"Filling up the DagBag from /opt/airflow/dags/sp_artist_id.py","logger":"airflow.models.dagbag.DagBag"}
{"timestamp":"2025-08-22T13:00:02.029428","level":"info","event":"Connection Retrieved 'gcp_spotify'","logger":"airflow.hooks.base"}
{"timestamp":"2025-08-22T13:00:02.065012","level":"info","event":"Connection Retrieved 'gcp_spotify'","logger":"airflow.hooks.base"}
{"timestamp":"2025-08-22T13:00:04.467226","level":"info","event":"Data stream uploaded to 20250822/batch_000001.json in artist_names_batch bucket","logger":"airflow.task.hooks.airflow.providers.google.cloud.hooks.gcs.GCSHook"}
{"timestamp":"2025-08-22T13:00:05.128247","level":"info","event":"Data stream uploaded to 20250822/batch_000002.json in artist_names_batch bucket","logger":"airflow.task.hooks.airflow.providers.google.cloud.hooks.gcs.GCSHook"}
{"timestamp":"2025-08-22T13:00:05.640243","level":"info","event":"Data stream uploaded to 20250822/batch_000003.json in artist_names_batch bucket","logger":"airflow.task.hooks.airflow.providers.google.cloud.hooks.gcs.GCSHook"}
{"timestamp":"2025-08-22T13:00:06.054554","level":"info","event":"Data stream uploaded to 20250822/batch_000004.json in artist_names_batch bucket","logger":"airflow.task.hooks.airflow.providers.google.cloud.hooks.gcs.GCSHook"}
{"timestamp":"2025-08-22T13:00:06.476072","level":"info","event":"Data stream uploaded to 20250822/batch_000005.json in artist_names_batch bucket","logger":"airflow.task.hooks.airflow.providers.google.cloud.hooks.gcs.GCSHook"}
{"timestamp":"2025-08-22T13:00:06.970279","level":"info","event":"Data stream uploaded to 20250822/batch_000006.json in artist_names_batch bucket","logger":"airflow.task.hooks.airflow.providers.google.cloud.hooks.gcs.GCSHook"}
{"timestamp":"2025-08-22T13:00:07.386416","level":"info","event":"Data stream uploaded to 20250822/batch_000007.json in artist_names_batch bucket","logger":"airflow.task.hooks.airflow.providers.google.cloud.hooks.gcs.GCSHook"}
{"timestamp":"2025-08-22T13:00:07.893162","level":"info","event":"Data stream uploaded to 20250822/batch_000008.json in artist_names_batch bucket","logger":"airflow.task.hooks.airflow.providers.google.cloud.hooks.gcs.GCSHook"}
{"timestamp":"2025-08-22T13:00:08.403758","level":"info","event":"Data stream uploaded to 20250822/batch_000009.json in artist_names_batch bucket","logger":"airflow.task.hooks.airflow.providers.google.cloud.hooks.gcs.GCSHook"}
{"timestamp":"2025-08-22T13:00:08.915743","level":"info","event":"Data stream uploaded to 20250822/batch_000010.json in artist_names_batch bucket","logger":"airflow.task.hooks.airflow.providers.google.cloud.hooks.gcs.GCSHook"}
{"timestamp":"2025-08-22T13:00:09.436834","level":"info","event":"Data stream uploaded to 20250822/batch_000011.json in artist_names_batch bucket","logger":"airflow.task.hooks.airflow.providers.google.cloud.hooks.gcs.GCSHook"}
{"timestamp":"2025-08-22T13:00:09.840447","level":"info","event":"Data stream uploaded to 20250822/batch_000012.json in artist_names_batch bucket","logger":"airflow.task.hooks.airflow.providers.google.cloud.hooks.gcs.GCSHook"}
{"timestamp":"2025-08-22T13:00:10.346564","level":"info","event":"Data stream uploaded to 20250822/batch_000013.json in artist_names_batch bucket","logger":"airflow.task.hooks.airflow.providers.google.cloud.hooks.gcs.GCSHook"}
{"timestamp":"2025-08-22T13:00:10.754396","level":"info","event":"Data stream uploaded to 20250822/batch_000014.json in artist_names_batch bucket","logger":"airflow.task.hooks.airflow.providers.google.cloud.hooks.gcs.GCSHook"}
{"timestamp":"2025-08-22T13:00:11.268364","level":"info","event":"Data stream uploaded to 20250822/batch_000015.json in artist_names_batch bucket","logger":"airflow.task.hooks.airflow.providers.google.cloud.hooks.gcs.GCSHook"}
{"timestamp":"2025-08-22T13:00:11.781568","level":"info","event":"Data stream uploaded to 20250822/batch_000016.json in artist_names_batch bucket","logger":"airflow.task.hooks.airflow.providers.google.cloud.hooks.gcs.GCSHook"}
{"timestamp":"2025-08-22T13:00:12.397245","level":"info","event":"Data stream uploaded to 20250822/batch_000017.json in artist_names_batch bucket","logger":"airflow.task.hooks.airflow.providers.google.cloud.hooks.gcs.GCSHook"}
{"timestamp":"2025-08-22T13:00:12.912437","level":"info","event":"Data stream uploaded to 20250822/batch_000018.json in artist_names_batch bucket","logger":"airflow.task.hooks.airflow.providers.google.cloud.hooks.gcs.GCSHook"}
{"timestamp":"2025-08-22T13:00:13.318108","level":"info","event":"Data stream uploaded to 20250822/batch_000019.json in artist_names_batch bucket","logger":"airflow.task.hooks.airflow.providers.google.cloud.hooks.gcs.GCSHook"}
{"timestamp":"2025-08-22T13:00:13.724493","level":"info","event":"Data stream uploaded to 20250822/batch_000020.json in artist_names_batch bucket","logger":"airflow.task.hooks.airflow.providers.google.cloud.hooks.gcs.GCSHook"}
{"timestamp":"2025-08-22T13:00:14.240591","level":"info","event":"Data stream uploaded to 20250822/batch_000021.json in artist_names_batch bucket","logger":"airflow.task.hooks.airflow.providers.google.cloud.hooks.gcs.GCSHook"}
{"timestamp":"2025-08-22T13:00:14.752128","level":"info","event":"Data stream uploaded to 20250822/batch_000022.json in artist_names_batch bucket","logger":"airflow.task.hooks.airflow.providers.google.cloud.hooks.gcs.GCSHook"}
{"timestamp":"2025-08-22T13:00:15.271588","level":"info","event":"Data stream uploaded to 20250822/batch_000023.json in artist_names_batch bucket","logger":"airflow.task.hooks.airflow.providers.google.cloud.hooks.gcs.GCSHook"}
{"timestamp":"2025-08-22T13:00:15.700169","level":"info","event":"Data stream uploaded to 20250822/batch_000024.json in artist_names_batch bucket","logger":"airflow.task.hooks.airflow.providers.google.cloud.hooks.gcs.GCSHook"}
{"timestamp":"2025-08-22T13:00:16.196054","level":"info","event":"Data stream uploaded to 20250822/batch_000025.json in artist_names_batch bucket","logger":"airflow.task.hooks.airflow.providers.google.cloud.hooks.gcs.GCSHook"}
{"timestamp":"2025-08-22T13:00:16.702428","level":"info","event":"Data stream uploaded to 20250822/batch_000026.json in artist_names_batch bucket","logger":"airflow.task.hooks.airflow.providers.google.cloud.hooks.gcs.GCSHook"}
{"timestamp":"2025-08-22T13:00:17.220423","level":"info","event":"Data stream uploaded to 20250822/batch_000027.json in artist_names_batch bucket","logger":"airflow.task.hooks.airflow.providers.google.cloud.hooks.gcs.GCSHook"}
{"timestamp":"2025-08-22T13:00:17.634828","level":"info","event":"Data stream uploaded to 20250822/batch_000028.json in artist_names_batch bucket","logger":"airflow.task.hooks.airflow.providers.google.cloud.hooks.gcs.GCSHook"}
{"timestamp":"2025-08-22T13:00:18.067827","level":"info","event":"Data stream uploaded to 20250822/batch_000029.json in artist_names_batch bucket","logger":"airflow.task.hooks.airflow.providers.google.cloud.hooks.gcs.GCSHook"}
{"timestamp":"2025-08-22T13:00:18.950627","level":"info","event":"Data stream uploaded to 20250822/batch_000030.json in artist_names_batch bucket","logger":"airflow.task.hooks.airflow.providers.google.cloud.hooks.gcs.GCSHook"}
{"timestamp":"2025-08-22T13:00:19.183966","level":"info","event":"Done. Returned value was: None","logger":"airflow.task.operators.airflow.providers.standard.operators.python.PythonOperator"}
