{"timestamp":"2025-08-22T07:54:11.343525","level":"info","event":"DAG bundles loaded: dags-folder","logger":"airflow.dag_processing.bundles.manager.DagBundlesManager"}
{"timestamp":"2025-08-22T07:54:11.346948","level":"info","event":"Filling up the DagBag from /opt/airflow/dags/sp_artist_id.py","logger":"airflow.models.dagbag.DagBag"}
{"timestamp":"2025-08-22T07:54:14.064309","level":"info","event":"Connection Retrieved 'gcp_spotify'","logger":"airflow.hooks.base"}
{"timestamp":"2025-08-22T07:54:14.074376","level":"info","event":"Connection Retrieved 'gcp_spotify'","logger":"airflow.hooks.base"}
{"timestamp":"2025-08-22T07:54:16.593299","level":"info","event":"Data stream uploaded to 20250822/batch_000001.json in artist_names_batch bucket","logger":"airflow.task.hooks.airflow.providers.google.cloud.hooks.gcs.GCSHook"}
{"timestamp":"2025-08-22T07:54:17.376637","level":"info","event":"Data stream uploaded to 20250822/batch_000002.json in artist_names_batch bucket","logger":"airflow.task.hooks.airflow.providers.google.cloud.hooks.gcs.GCSHook"}
{"timestamp":"2025-08-22T07:54:17.991786","level":"info","event":"Data stream uploaded to 20250822/batch_000003.json in artist_names_batch bucket","logger":"airflow.task.hooks.airflow.providers.google.cloud.hooks.gcs.GCSHook"}
{"timestamp":"2025-08-22T07:54:18.450538","level":"info","event":"Data stream uploaded to 20250822/batch_000004.json in artist_names_batch bucket","logger":"airflow.task.hooks.airflow.providers.google.cloud.hooks.gcs.GCSHook"}
{"timestamp":"2025-08-22T07:54:19.137991","level":"info","event":"Data stream uploaded to 20250822/batch_000005.json in artist_names_batch bucket","logger":"airflow.task.hooks.airflow.providers.google.cloud.hooks.gcs.GCSHook"}
{"timestamp":"2025-08-22T07:54:19.637522","level":"info","event":"Data stream uploaded to 20250822/batch_000006.json in artist_names_batch bucket","logger":"airflow.task.hooks.airflow.providers.google.cloud.hooks.gcs.GCSHook"}
{"timestamp":"2025-08-22T07:54:20.241379","level":"info","event":"Data stream uploaded to 20250822/batch_000007.json in artist_names_batch bucket","logger":"airflow.task.hooks.airflow.providers.google.cloud.hooks.gcs.GCSHook"}
{"timestamp":"2025-08-22T07:54:20.697103","level":"info","event":"Data stream uploaded to 20250822/batch_000008.json in artist_names_batch bucket","logger":"airflow.task.hooks.airflow.providers.google.cloud.hooks.gcs.GCSHook"}
{"timestamp":"2025-08-22T07:54:21.311780","level":"info","event":"Data stream uploaded to 20250822/batch_000009.json in artist_names_batch bucket","logger":"airflow.task.hooks.airflow.providers.google.cloud.hooks.gcs.GCSHook"}
{"timestamp":"2025-08-22T07:54:21.795247","level":"info","event":"Data stream uploaded to 20250822/batch_000010.json in artist_names_batch bucket","logger":"airflow.task.hooks.airflow.providers.google.cloud.hooks.gcs.GCSHook"}
{"timestamp":"2025-08-22T07:54:22.531776","level":"info","event":"Data stream uploaded to 20250822/batch_000011.json in artist_names_batch bucket","logger":"airflow.task.hooks.airflow.providers.google.cloud.hooks.gcs.GCSHook"}
{"timestamp":"2025-08-22T07:54:22.938297","level":"info","event":"Data stream uploaded to 20250822/batch_000012.json in artist_names_batch bucket","logger":"airflow.task.hooks.airflow.providers.google.cloud.hooks.gcs.GCSHook"}
{"timestamp":"2025-08-22T07:54:23.622362","level":"info","event":"Data stream uploaded to 20250822/batch_000013.json in artist_names_batch bucket","logger":"airflow.task.hooks.airflow.providers.google.cloud.hooks.gcs.GCSHook"}
{"timestamp":"2025-08-22T07:54:24.137754","level":"info","event":"Data stream uploaded to 20250822/batch_000014.json in artist_names_batch bucket","logger":"airflow.task.hooks.airflow.providers.google.cloud.hooks.gcs.GCSHook"}
{"timestamp":"2025-08-22T07:54:24.753897","level":"info","event":"Data stream uploaded to 20250822/batch_000015.json in artist_names_batch bucket","logger":"airflow.task.hooks.airflow.providers.google.cloud.hooks.gcs.GCSHook"}
{"timestamp":"2025-08-22T07:54:25.218680","level":"info","event":"Data stream uploaded to 20250822/batch_000016.json in artist_names_batch bucket","logger":"airflow.task.hooks.airflow.providers.google.cloud.hooks.gcs.GCSHook"}
{"timestamp":"2025-08-22T07:54:25.876749","level":"info","event":"Data stream uploaded to 20250822/batch_000017.json in artist_names_batch bucket","logger":"airflow.task.hooks.airflow.providers.google.cloud.hooks.gcs.GCSHook"}
{"timestamp":"2025-08-22T07:54:26.391279","level":"info","event":"Data stream uploaded to 20250822/batch_000018.json in artist_names_batch bucket","logger":"airflow.task.hooks.airflow.providers.google.cloud.hooks.gcs.GCSHook"}
{"timestamp":"2025-08-22T07:54:27.002740","level":"info","event":"Data stream uploaded to 20250822/batch_000019.json in artist_names_batch bucket","logger":"airflow.task.hooks.airflow.providers.google.cloud.hooks.gcs.GCSHook"}
{"timestamp":"2025-08-22T07:54:27.520915","level":"info","event":"Data stream uploaded to 20250822/batch_000020.json in artist_names_batch bucket","logger":"airflow.task.hooks.airflow.providers.google.cloud.hooks.gcs.GCSHook"}
{"timestamp":"2025-08-22T07:54:28.130594","level":"info","event":"Data stream uploaded to 20250822/batch_000021.json in artist_names_batch bucket","logger":"airflow.task.hooks.airflow.providers.google.cloud.hooks.gcs.GCSHook"}
{"timestamp":"2025-08-22T07:54:28.649670","level":"info","event":"Data stream uploaded to 20250822/batch_000022.json in artist_names_batch bucket","logger":"airflow.task.hooks.airflow.providers.google.cloud.hooks.gcs.GCSHook"}
{"timestamp":"2025-08-22T07:54:29.226405","level":"info","event":"Data stream uploaded to 20250822/batch_000023.json in artist_names_batch bucket","logger":"airflow.task.hooks.airflow.providers.google.cloud.hooks.gcs.GCSHook"}
{"timestamp":"2025-08-22T07:54:29.722149","level":"info","event":"Data stream uploaded to 20250822/batch_000024.json in artist_names_batch bucket","logger":"airflow.task.hooks.airflow.providers.google.cloud.hooks.gcs.GCSHook"}
{"timestamp":"2025-08-22T07:54:30.382088","level":"info","event":"Data stream uploaded to 20250822/batch_000025.json in artist_names_batch bucket","logger":"airflow.task.hooks.airflow.providers.google.cloud.hooks.gcs.GCSHook"}
{"timestamp":"2025-08-22T07:54:30.814078","level":"info","event":"Data stream uploaded to 20250822/batch_000026.json in artist_names_batch bucket","logger":"airflow.task.hooks.airflow.providers.google.cloud.hooks.gcs.GCSHook"}
{"timestamp":"2025-08-22T07:54:31.519720","level":"info","event":"Data stream uploaded to 20250822/batch_000027.json in artist_names_batch bucket","logger":"airflow.task.hooks.airflow.providers.google.cloud.hooks.gcs.GCSHook"}
{"timestamp":"2025-08-22T07:54:32.019967","level":"info","event":"Data stream uploaded to 20250822/batch_000028.json in artist_names_batch bucket","logger":"airflow.task.hooks.airflow.providers.google.cloud.hooks.gcs.GCSHook"}
{"timestamp":"2025-08-22T07:54:32.635644","level":"info","event":"Data stream uploaded to 20250822/batch_000029.json in artist_names_batch bucket","logger":"airflow.task.hooks.airflow.providers.google.cloud.hooks.gcs.GCSHook"}
{"timestamp":"2025-08-22T07:54:33.558339","level":"info","event":"Data stream uploaded to 20250822/batch_000030.json in artist_names_batch bucket","logger":"airflow.task.hooks.airflow.providers.google.cloud.hooks.gcs.GCSHook"}
{"timestamp":"2025-08-22T07:54:33.873062","level":"info","event":"Done. Returned value was: None","logger":"airflow.task.operators.airflow.providers.standard.operators.python.PythonOperator"}
