{"timestamp":"2025-08-27T00:44:30.654688","level":"info","event":"Filling up the DagBag from /opt/airflow/dags/spotify_etl.py","logger":"airflow.models.dagbag.DagBag"}
{"timestamp":"2025-08-27T02:27:19.071209","level":"info","event":"Filling up the DagBag from /opt/airflow/dags/spotify_etl.py","logger":"airflow.models.dagbag.DagBag"}
{"timestamp":"2025-08-27T03:24:15.422095","level":"info","event":"Filling up the DagBag from /opt/airflow/dags/spotify_etl.py","logger":"airflow.models.dagbag.DagBag"}
{"timestamp":"2025-08-27T04:32:35.718565","level":"info","event":"Filling up the DagBag from /opt/airflow/dags/spotify_etl.py","logger":"airflow.models.dagbag.DagBag"}
{"timestamp":"2025-08-27T05:33:37.181783","level":"info","event":"Filling up the DagBag from /opt/airflow/dags/spotify_etl.py","logger":"airflow.models.dagbag.DagBag"}
{"timestamp":"2025-08-27T08:36:37.333721","level":"info","event":"Filling up the DagBag from /opt/airflow/dags/spotify_etl.py","logger":"airflow.models.dagbag.DagBag"}
{"timestamp":"2025-08-27T09:37:42.085223","level":"info","event":"Filling up the DagBag from /opt/airflow/dags/spotify_etl.py","logger":"airflow.models.dagbag.DagBag"}
{"timestamp":"2025-08-27T11:08:43.989745","level":"info","event":"Filling up the DagBag from /opt/airflow/dags/spotify_etl.py","logger":"airflow.models.dagbag.DagBag"}
{"timestamp":"2025-08-27T12:37:00.912120","level":"info","event":"Filling up the DagBag from /opt/airflow/dags/spotify_etl.py","logger":"airflow.models.dagbag.DagBag"}
{"timestamp":"2025-08-27T12:37:40.216858","level":"info","event":"Filling up the DagBag from /opt/airflow/dags/spotify_etl.py","logger":"airflow.models.dagbag.DagBag"}
{"timestamp":"2025-08-27T12:38:12.305531","level":"info","event":"Filling up the DagBag from /opt/airflow/dags/spotify_etl.py","logger":"airflow.models.dagbag.DagBag"}
{"timestamp":"2025-08-27T12:38:45.222213","level":"info","event":"Filling up the DagBag from /opt/airflow/dags/spotify_etl.py","logger":"airflow.models.dagbag.DagBag"}
{"timestamp":"2025-08-27T12:39:33.870949","level":"info","event":"Filling up the DagBag from /opt/airflow/dags/spotify_etl.py","logger":"airflow.models.dagbag.DagBag"}
{"timestamp":"2025-08-27T12:40:05.800725","level":"info","event":"Filling up the DagBag from /opt/airflow/dags/spotify_etl.py","logger":"airflow.models.dagbag.DagBag"}
{"timestamp":"2025-08-27T12:40:37.515168","level":"info","event":"Filling up the DagBag from /opt/airflow/dags/spotify_etl.py","logger":"airflow.models.dagbag.DagBag"}
{"timestamp":"2025-08-27T12:41:09.376580","level":"info","event":"Filling up the DagBag from /opt/airflow/dags/spotify_etl.py","logger":"airflow.models.dagbag.DagBag"}
{"timestamp":"2025-08-27T12:41:41.182733","level":"info","event":"Filling up the DagBag from /opt/airflow/dags/spotify_etl.py","logger":"airflow.models.dagbag.DagBag"}
{"timestamp":"2025-08-27T12:42:12.640481","level":"info","event":"Filling up the DagBag from /opt/airflow/dags/spotify_etl.py","logger":"airflow.models.dagbag.DagBag"}
{"timestamp":"2025-08-27T12:42:43.981906","level":"info","event":"Filling up the DagBag from /opt/airflow/dags/spotify_etl.py","logger":"airflow.models.dagbag.DagBag"}
{"timestamp":"2025-08-27T12:43:16.247122","level":"info","event":"Filling up the DagBag from /opt/airflow/dags/spotify_etl.py","logger":"airflow.models.dagbag.DagBag"}
{"timestamp":"2025-08-27T12:43:49.336013","level":"info","event":"Filling up the DagBag from /opt/airflow/dags/spotify_etl.py","logger":"airflow.models.dagbag.DagBag"}
{"timestamp":"2025-08-27T12:44:21.218915","level":"info","event":"Filling up the DagBag from /opt/airflow/dags/spotify_etl.py","logger":"airflow.models.dagbag.DagBag"}
{"timestamp":"2025-08-27T12:44:53.965591","level":"info","event":"Filling up the DagBag from /opt/airflow/dags/spotify_etl.py","logger":"airflow.models.dagbag.DagBag"}
{"timestamp":"2025-08-27T12:45:25.698203","level":"info","event":"Filling up the DagBag from /opt/airflow/dags/spotify_etl.py","logger":"airflow.models.dagbag.DagBag"}
{"timestamp":"2025-08-27T12:45:57.309291","level":"info","event":"Filling up the DagBag from /opt/airflow/dags/spotify_etl.py","logger":"airflow.models.dagbag.DagBag"}
{"timestamp":"2025-08-27T12:46:29.115772","level":"info","event":"Filling up the DagBag from /opt/airflow/dags/spotify_etl.py","logger":"airflow.models.dagbag.DagBag"}
{"timestamp":"2025-08-27T12:47:01.032760","level":"info","event":"Filling up the DagBag from /opt/airflow/dags/spotify_etl.py","logger":"airflow.models.dagbag.DagBag"}
{"timestamp":"2025-08-27T12:47:33.004176","level":"info","event":"Filling up the DagBag from /opt/airflow/dags/spotify_etl.py","logger":"airflow.models.dagbag.DagBag"}
{"timestamp":"2025-08-27T12:48:04.880630","level":"info","event":"Filling up the DagBag from /opt/airflow/dags/spotify_etl.py","logger":"airflow.models.dagbag.DagBag"}
{"timestamp":"2025-08-27T12:48:37.350598","level":"info","event":"Filling up the DagBag from /opt/airflow/dags/spotify_etl.py","logger":"airflow.models.dagbag.DagBag"}
{"timestamp":"2025-08-27T12:49:08.962747","level":"info","event":"Filling up the DagBag from /opt/airflow/dags/spotify_etl.py","logger":"airflow.models.dagbag.DagBag"}
{"timestamp":"2025-08-27T12:49:43.632019","level":"info","event":"Filling up the DagBag from /opt/airflow/dags/spotify_etl.py","logger":"airflow.models.dagbag.DagBag"}
{"timestamp":"2025-08-27T12:50:15.690578","level":"info","event":"Filling up the DagBag from /opt/airflow/dags/spotify_etl.py","logger":"airflow.models.dagbag.DagBag"}
{"timestamp":"2025-08-27T12:50:47.646638","level":"info","event":"Filling up the DagBag from /opt/airflow/dags/spotify_etl.py","logger":"airflow.models.dagbag.DagBag"}
{"timestamp":"2025-08-27T12:51:19.184414","level":"info","event":"Filling up the DagBag from /opt/airflow/dags/spotify_etl.py","logger":"airflow.models.dagbag.DagBag"}
{"timestamp":"2025-08-27T12:51:50.788583","level":"info","event":"Filling up the DagBag from /opt/airflow/dags/spotify_etl.py","logger":"airflow.models.dagbag.DagBag"}
{"timestamp":"2025-08-27T12:52:22.322205","level":"info","event":"Filling up the DagBag from /opt/airflow/dags/spotify_etl.py","logger":"airflow.models.dagbag.DagBag"}
{"timestamp":"2025-08-27T12:52:53.935309","level":"info","event":"Filling up the DagBag from /opt/airflow/dags/spotify_etl.py","logger":"airflow.models.dagbag.DagBag"}
{"timestamp":"2025-08-27T12:53:25.697645","level":"info","event":"Filling up the DagBag from /opt/airflow/dags/spotify_etl.py","logger":"airflow.models.dagbag.DagBag"}
{"timestamp":"2025-08-27T12:53:57.390940","level":"info","event":"Filling up the DagBag from /opt/airflow/dags/spotify_etl.py","logger":"airflow.models.dagbag.DagBag"}
{"timestamp":"2025-08-27T12:54:30.978557","level":"info","event":"Filling up the DagBag from /opt/airflow/dags/spotify_etl.py","logger":"airflow.models.dagbag.DagBag"}
{"timestamp":"2025-08-27T12:55:02.481811","level":"info","event":"Filling up the DagBag from /opt/airflow/dags/spotify_etl.py","logger":"airflow.models.dagbag.DagBag"}
{"timestamp":"2025-08-27T12:55:34.073687","level":"info","event":"Filling up the DagBag from /opt/airflow/dags/spotify_etl.py","logger":"airflow.models.dagbag.DagBag"}
{"timestamp":"2025-08-27T12:56:05.565413","level":"info","event":"Filling up the DagBag from /opt/airflow/dags/spotify_etl.py","logger":"airflow.models.dagbag.DagBag"}
{"timestamp":"2025-08-27T12:56:37.174735","level":"info","event":"Filling up the DagBag from /opt/airflow/dags/spotify_etl.py","logger":"airflow.models.dagbag.DagBag"}
{"timestamp":"2025-08-27T12:57:08.539965","level":"info","event":"Filling up the DagBag from /opt/airflow/dags/spotify_etl.py","logger":"airflow.models.dagbag.DagBag"}
{"timestamp":"2025-08-27T12:57:40.400167","level":"info","event":"Filling up the DagBag from /opt/airflow/dags/spotify_etl.py","logger":"airflow.models.dagbag.DagBag"}
{"timestamp":"2025-08-27T12:58:11.893509","level":"info","event":"Filling up the DagBag from /opt/airflow/dags/spotify_etl.py","logger":"airflow.models.dagbag.DagBag"}
{"timestamp":"2025-08-27T12:58:43.790721","level":"info","event":"Filling up the DagBag from /opt/airflow/dags/spotify_etl.py","logger":"airflow.models.dagbag.DagBag"}
{"timestamp":"2025-08-27T13:06:18.341896","level":"info","event":"Filling up the DagBag from /opt/airflow/dags/spotify_etl.py","logger":"airflow.models.dagbag.DagBag"}
{"timestamp":"2025-08-27T13:06:52.166021","level":"info","event":"Filling up the DagBag from /opt/airflow/dags/spotify_etl.py","logger":"airflow.models.dagbag.DagBag"}
{"timestamp":"2025-08-27T13:07:23.887999","level":"info","event":"Filling up the DagBag from /opt/airflow/dags/spotify_etl.py","logger":"airflow.models.dagbag.DagBag"}
{"timestamp":"2025-08-27T13:07:55.599988","level":"info","event":"Filling up the DagBag from /opt/airflow/dags/spotify_etl.py","logger":"airflow.models.dagbag.DagBag"}
{"timestamp":"2025-08-27T13:08:27.207367","level":"info","event":"Filling up the DagBag from /opt/airflow/dags/spotify_etl.py","logger":"airflow.models.dagbag.DagBag"}
{"timestamp":"2025-08-27T13:08:58.855885","level":"info","event":"Filling up the DagBag from /opt/airflow/dags/spotify_etl.py","logger":"airflow.models.dagbag.DagBag"}
{"timestamp":"2025-08-27T13:09:30.417372","level":"info","event":"Filling up the DagBag from /opt/airflow/dags/spotify_etl.py","logger":"airflow.models.dagbag.DagBag"}
{"timestamp":"2025-08-27T13:10:01.828010","level":"info","event":"Filling up the DagBag from /opt/airflow/dags/spotify_etl.py","logger":"airflow.models.dagbag.DagBag"}
{"timestamp":"2025-08-27T13:10:33.156710","level":"info","event":"Filling up the DagBag from /opt/airflow/dags/spotify_etl.py","logger":"airflow.models.dagbag.DagBag"}
{"timestamp":"2025-08-27T13:11:04.403994","level":"info","event":"Filling up the DagBag from /opt/airflow/dags/spotify_etl.py","logger":"airflow.models.dagbag.DagBag"}
{"timestamp":"2025-08-27T13:11:36.088307","level":"info","event":"Filling up the DagBag from /opt/airflow/dags/spotify_etl.py","logger":"airflow.models.dagbag.DagBag"}
{"timestamp":"2025-08-27T13:12:09.088382","level":"info","event":"Filling up the DagBag from /opt/airflow/dags/spotify_etl.py","logger":"airflow.models.dagbag.DagBag"}
{"timestamp":"2025-08-27T13:12:40.689644","level":"info","event":"Filling up the DagBag from /opt/airflow/dags/spotify_etl.py","logger":"airflow.models.dagbag.DagBag"}
{"timestamp":"2025-08-27T13:13:12.396247","level":"info","event":"Filling up the DagBag from /opt/airflow/dags/spotify_etl.py","logger":"airflow.models.dagbag.DagBag"}
{"timestamp":"2025-08-27T13:13:27.857663","level":"info","event":"Filling up the DagBag from /opt/airflow/dags/spotify_etl.py","logger":"airflow.models.dagbag.DagBag"}
{"timestamp":"2025-08-27T13:13:27.879836","level":"error","event":"Failed to import: /opt/airflow/dags/spotify_etl.py","logger":"airflow.models.dagbag.DagBag","error_detail":[{"exc_type":"SyntaxError","exc_value":"positional argument follows keyword argument (spotify_etl.py, line 34)","exc_notes":[],"syntax_error":{"offset":26,"filename":"/opt/airflow/dags/spotify_etl.py","line":"                     back)\n","lineno":34,"msg":"positional argument follows keyword argument"},"is_cause":false,"frames":[{"filename":"/home/airflow/.local/lib/python3.12/site-packages/airflow/models/dagbag.py","lineno":394,"name":"parse"},{"filename":"<frozen importlib._bootstrap_external>","lineno":995,"name":"exec_module"},{"filename":"<frozen importlib._bootstrap_external>","lineno":1133,"name":"get_code"},{"filename":"<frozen importlib._bootstrap_external>","lineno":1063,"name":"source_to_code"},{"filename":"<frozen importlib._bootstrap>","lineno":488,"name":"_call_with_frames_removed"}],"is_group":false,"exceptions":[]}]}
{"timestamp":"2025-08-27T13:13:36.493763","level":"info","event":"Filling up the DagBag from /opt/airflow/dags/spotify_etl.py","logger":"airflow.models.dagbag.DagBag"}
{"timestamp":"2025-08-27T13:13:49.344961","level":"info","event":"Filling up the DagBag from /opt/airflow/dags/spotify_etl.py","logger":"airflow.models.dagbag.DagBag"}
{"timestamp":"2025-08-27T13:13:55.105617","level":"info","event":"Filling up the DagBag from /opt/airflow/dags/spotify_etl.py","logger":"airflow.models.dagbag.DagBag"}
{"timestamp":"2025-08-27T13:14:28.904947","level":"info","event":"Filling up the DagBag from /opt/airflow/dags/spotify_etl.py","logger":"airflow.models.dagbag.DagBag"}
{"timestamp":"2025-08-27T13:15:00.530701","level":"info","event":"Filling up the DagBag from /opt/airflow/dags/spotify_etl.py","logger":"airflow.models.dagbag.DagBag"}
{"timestamp":"2025-08-27T13:15:32.066638","level":"info","event":"Filling up the DagBag from /opt/airflow/dags/spotify_etl.py","logger":"airflow.models.dagbag.DagBag"}
{"timestamp":"2025-08-27T13:16:00.355612","level":"info","event":"Filling up the DagBag from /opt/airflow/dags/spotify_etl.py","logger":"airflow.models.dagbag.DagBag"}
{"timestamp":"2025-08-27T13:16:32.017532","level":"info","event":"Filling up the DagBag from /opt/airflow/dags/spotify_etl.py","logger":"airflow.models.dagbag.DagBag"}
{"timestamp":"2025-08-27T13:16:50.364487","level":"info","event":"Filling up the DagBag from /opt/airflow/dags/spotify_etl.py","logger":"airflow.models.dagbag.DagBag"}
{"timestamp":"2025-08-27T13:17:01.665958","level":"info","event":"Filling up the DagBag from /opt/airflow/dags/spotify_etl.py","logger":"airflow.models.dagbag.DagBag"}
{"timestamp":"2025-08-27T13:17:08.030750","level":"info","event":"Filling up the DagBag from /opt/airflow/dags/spotify_etl.py","logger":"airflow.models.dagbag.DagBag"}
{"timestamp":"2025-08-27T13:17:25.891134","level":"info","event":"Filling up the DagBag from /opt/airflow/dags/spotify_etl.py","logger":"airflow.models.dagbag.DagBag"}
{"timestamp":"2025-08-27T13:17:41.468842","level":"info","event":"Filling up the DagBag from /opt/airflow/dags/spotify_etl.py","logger":"airflow.models.dagbag.DagBag"}
{"timestamp":"2025-08-27T13:18:13.072041","level":"info","event":"Filling up the DagBag from /opt/airflow/dags/spotify_etl.py","logger":"airflow.models.dagbag.DagBag"}
{"timestamp":"2025-08-27T13:18:44.737930","level":"info","event":"Filling up the DagBag from /opt/airflow/dags/spotify_etl.py","logger":"airflow.models.dagbag.DagBag"}
{"timestamp":"2025-08-27T13:19:16.471742","level":"info","event":"Filling up the DagBag from /opt/airflow/dags/spotify_etl.py","logger":"airflow.models.dagbag.DagBag"}
{"timestamp":"2025-08-27T13:19:48.123206","level":"info","event":"Filling up the DagBag from /opt/airflow/dags/spotify_etl.py","logger":"airflow.models.dagbag.DagBag"}
{"timestamp":"2025-08-27T13:20:19.886170","level":"info","event":"Filling up the DagBag from /opt/airflow/dags/spotify_etl.py","logger":"airflow.models.dagbag.DagBag"}
{"timestamp":"2025-08-27T13:20:51.535139","level":"info","event":"Filling up the DagBag from /opt/airflow/dags/spotify_etl.py","logger":"airflow.models.dagbag.DagBag"}
{"timestamp":"2025-08-27T13:21:23.232081","level":"info","event":"Filling up the DagBag from /opt/airflow/dags/spotify_etl.py","logger":"airflow.models.dagbag.DagBag"}
{"timestamp":"2025-08-27T13:21:55.426057","level":"info","event":"Filling up the DagBag from /opt/airflow/dags/spotify_etl.py","logger":"airflow.models.dagbag.DagBag"}
{"timestamp":"2025-08-27T13:22:26.642989","level":"info","event":"Filling up the DagBag from /opt/airflow/dags/spotify_etl.py","logger":"airflow.models.dagbag.DagBag"}
{"timestamp":"2025-08-27T13:29:29.165100","level":"info","event":"Filling up the DagBag from /opt/airflow/dags/spotify_etl.py","logger":"airflow.models.dagbag.DagBag"}
{"timestamp":"2025-08-27T13:30:52.950514","level":"info","event":"Filling up the DagBag from /opt/airflow/dags/spotify_etl.py","logger":"airflow.models.dagbag.DagBag"}
{"timestamp":"2025-08-27T13:31:09.410586","level":"info","event":"Filling up the DagBag from /opt/airflow/dags/spotify_etl.py","logger":"airflow.models.dagbag.DagBag"}
{"timestamp":"2025-08-27T13:31:13.058971","level":"info","event":"Filling up the DagBag from /opt/airflow/dags/spotify_etl.py","logger":"airflow.models.dagbag.DagBag"}
{"timestamp":"2025-08-27T13:31:13.067436","level":"error","event":"Failed to import: /opt/airflow/dags/spotify_etl.py","logger":"airflow.models.dagbag.DagBag","error_detail":[{"exc_type":"SyntaxError","exc_value":"unterminated string literal (detected at line 223) (spotify_etl.py, line 223)","exc_notes":[],"syntax_error":{"offset":5,"filename":"/opt/airflow/dags/spotify_etl.py","line":"    'retry_exponential_backoff=True","lineno":223,"msg":"unterminated string literal (detected at line 223)"},"is_cause":false,"frames":[{"filename":"/home/airflow/.local/lib/python3.12/site-packages/airflow/models/dagbag.py","lineno":394,"name":"parse"},{"filename":"<frozen importlib._bootstrap_external>","lineno":995,"name":"exec_module"},{"filename":"<frozen importlib._bootstrap_external>","lineno":1133,"name":"get_code"},{"filename":"<frozen importlib._bootstrap_external>","lineno":1063,"name":"source_to_code"},{"filename":"<frozen importlib._bootstrap>","lineno":488,"name":"_call_with_frames_removed"}],"is_group":false,"exceptions":[]}]}
{"timestamp":"2025-08-27T13:31:18.220615","level":"info","event":"Filling up the DagBag from /opt/airflow/dags/spotify_etl.py","logger":"airflow.models.dagbag.DagBag"}
{"timestamp":"2025-08-27T13:31:49.879947","level":"info","event":"Filling up the DagBag from /opt/airflow/dags/spotify_etl.py","logger":"airflow.models.dagbag.DagBag"}
{"timestamp":"2025-08-27T13:32:21.469443","level":"info","event":"Filling up the DagBag from /opt/airflow/dags/spotify_etl.py","logger":"airflow.models.dagbag.DagBag"}
{"timestamp":"2025-08-27T13:32:24.744277","level":"info","event":"Filling up the DagBag from /opt/airflow/dags/spotify_etl.py","logger":"airflow.models.dagbag.DagBag"}
{"timestamp":"2025-08-27T13:32:56.630345","level":"info","event":"Filling up the DagBag from /opt/airflow/dags/spotify_etl.py","logger":"airflow.models.dagbag.DagBag"}
{"timestamp":"2025-08-27T13:33:28.178400","level":"info","event":"Filling up the DagBag from /opt/airflow/dags/spotify_etl.py","logger":"airflow.models.dagbag.DagBag"}
{"timestamp":"2025-08-27T13:33:59.806392","level":"info","event":"Filling up the DagBag from /opt/airflow/dags/spotify_etl.py","logger":"airflow.models.dagbag.DagBag"}
{"timestamp":"2025-08-27T13:34:34.740966","level":"info","event":"Filling up the DagBag from /opt/airflow/dags/spotify_etl.py","logger":"airflow.models.dagbag.DagBag"}
{"timestamp":"2025-08-27T13:35:06.565496","level":"info","event":"Filling up the DagBag from /opt/airflow/dags/spotify_etl.py","logger":"airflow.models.dagbag.DagBag"}
{"timestamp":"2025-08-27T13:35:38.142631","level":"info","event":"Filling up the DagBag from /opt/airflow/dags/spotify_etl.py","logger":"airflow.models.dagbag.DagBag"}
{"timestamp":"2025-08-27T13:36:09.924526","level":"info","event":"Filling up the DagBag from /opt/airflow/dags/spotify_etl.py","logger":"airflow.models.dagbag.DagBag"}
{"timestamp":"2025-08-27T13:36:41.486655","level":"info","event":"Filling up the DagBag from /opt/airflow/dags/spotify_etl.py","logger":"airflow.models.dagbag.DagBag"}
{"timestamp":"2025-08-27T13:37:13.094639","level":"info","event":"Filling up the DagBag from /opt/airflow/dags/spotify_etl.py","logger":"airflow.models.dagbag.DagBag"}
{"timestamp":"2025-08-27T13:37:44.646171","level":"info","event":"Filling up the DagBag from /opt/airflow/dags/spotify_etl.py","logger":"airflow.models.dagbag.DagBag"}
{"timestamp":"2025-08-27T13:38:16.545475","level":"info","event":"Filling up the DagBag from /opt/airflow/dags/spotify_etl.py","logger":"airflow.models.dagbag.DagBag"}
{"timestamp":"2025-08-27T13:38:46.103774","level":"info","event":"Filling up the DagBag from /opt/airflow/dags/spotify_etl.py","logger":"airflow.models.dagbag.DagBag"}
{"timestamp":"2025-08-27T13:38:48.231769","level":"info","event":"Filling up the DagBag from /opt/airflow/dags/spotify_etl.py","logger":"airflow.models.dagbag.DagBag"}
{"timestamp":"2025-08-27T13:38:54.200843","level":"info","event":"Filling up the DagBag from /opt/airflow/dags/spotify_etl.py","logger":"airflow.models.dagbag.DagBag"}
{"timestamp":"2025-08-27T13:39:00.627425","level":"info","event":"Filling up the DagBag from /opt/airflow/dags/spotify_etl.py","logger":"airflow.models.dagbag.DagBag"}
{"timestamp":"2025-08-27T13:39:03.235651","level":"info","event":"Filling up the DagBag from /opt/airflow/dags/spotify_etl.py","logger":"airflow.models.dagbag.DagBag"}
{"timestamp":"2025-08-27T13:39:10.362918","level":"info","event":"Filling up the DagBag from /opt/airflow/dags/spotify_etl.py","logger":"airflow.models.dagbag.DagBag"}
{"timestamp":"2025-08-27T13:39:16.604655","level":"info","event":"Filling up the DagBag from /opt/airflow/dags/spotify_etl.py","logger":"airflow.models.dagbag.DagBag"}
{"timestamp":"2025-08-27T13:39:20.840555","level":"info","event":"Filling up the DagBag from /opt/airflow/dags/spotify_etl.py","logger":"airflow.models.dagbag.DagBag"}
{"timestamp":"2025-08-27T13:39:26.093116","level":"info","event":"Filling up the DagBag from /opt/airflow/dags/spotify_etl.py","logger":"airflow.models.dagbag.DagBag"}
{"timestamp":"2025-08-27T13:39:34.310640","level":"info","event":"Filling up the DagBag from /opt/airflow/dags/spotify_etl.py","logger":"airflow.models.dagbag.DagBag"}
{"timestamp":"2025-08-27T13:39:37.519241","level":"info","event":"Filling up the DagBag from /opt/airflow/dags/spotify_etl.py","logger":"airflow.models.dagbag.DagBag"}
{"timestamp":"2025-08-27T13:40:00.112350","level":"info","event":"Filling up the DagBag from /opt/airflow/dags/spotify_etl.py","logger":"airflow.models.dagbag.DagBag"}
{"timestamp":"2025-08-27T13:40:00.125387","level":"error","event":"Failed to import: /opt/airflow/dags/spotify_etl.py","logger":"airflow.models.dagbag.DagBag","error_detail":[{"exc_type":"IndentationError","exc_value":"unexpected indent (spotify_etl.py, line 57)","exc_notes":[],"syntax_error":{"offset":12,"filename":"/opt/airflow/dags/spotify_etl.py","line":"            data = json.load(f)\n","lineno":57,"msg":"unexpected indent"},"is_cause":false,"frames":[{"filename":"/home/airflow/.local/lib/python3.12/site-packages/airflow/models/dagbag.py","lineno":394,"name":"parse"},{"filename":"<frozen importlib._bootstrap_external>","lineno":995,"name":"exec_module"},{"filename":"<frozen importlib._bootstrap_external>","lineno":1133,"name":"get_code"},{"filename":"<frozen importlib._bootstrap_external>","lineno":1063,"name":"source_to_code"},{"filename":"<frozen importlib._bootstrap>","lineno":488,"name":"_call_with_frames_removed"}],"is_group":false,"exceptions":[]}]}
{"timestamp":"2025-08-27T13:40:01.234287","level":"info","event":"Filling up the DagBag from /opt/airflow/dags/spotify_etl.py","logger":"airflow.models.dagbag.DagBag"}
{"timestamp":"2025-08-27T13:40:01.239975","level":"error","event":"Failed to import: /opt/airflow/dags/spotify_etl.py","logger":"airflow.models.dagbag.DagBag","error_detail":[{"exc_type":"IndentationError","exc_value":"unexpected indent (spotify_etl.py, line 57)","exc_notes":[],"syntax_error":{"offset":12,"filename":"/opt/airflow/dags/spotify_etl.py","line":"            data = json.load(f)\n","lineno":57,"msg":"unexpected indent"},"is_cause":false,"frames":[{"filename":"/home/airflow/.local/lib/python3.12/site-packages/airflow/models/dagbag.py","lineno":394,"name":"parse"},{"filename":"<frozen importlib._bootstrap_external>","lineno":995,"name":"exec_module"},{"filename":"<frozen importlib._bootstrap_external>","lineno":1133,"name":"get_code"},{"filename":"<frozen importlib._bootstrap_external>","lineno":1063,"name":"source_to_code"},{"filename":"<frozen importlib._bootstrap>","lineno":488,"name":"_call_with_frames_removed"}],"is_group":false,"exceptions":[]}]}
{"timestamp":"2025-08-27T13:40:05.479090","level":"info","event":"Filling up the DagBag from /opt/airflow/dags/spotify_etl.py","logger":"airflow.models.dagbag.DagBag"}
{"timestamp":"2025-08-27T13:40:05.488917","level":"error","event":"Failed to import: /opt/airflow/dags/spotify_etl.py","logger":"airflow.models.dagbag.DagBag","error_detail":[{"exc_type":"IndentationError","exc_value":"unexpected indent (spotify_etl.py, line 57)","exc_notes":[],"syntax_error":{"offset":12,"filename":"/opt/airflow/dags/spotify_etl.py","line":"            data = json.load(f)\n","lineno":57,"msg":"unexpected indent"},"is_cause":false,"frames":[{"filename":"/home/airflow/.local/lib/python3.12/site-packages/airflow/models/dagbag.py","lineno":394,"name":"parse"},{"filename":"<frozen importlib._bootstrap_external>","lineno":995,"name":"exec_module"},{"filename":"<frozen importlib._bootstrap_external>","lineno":1133,"name":"get_code"},{"filename":"<frozen importlib._bootstrap_external>","lineno":1063,"name":"source_to_code"},{"filename":"<frozen importlib._bootstrap>","lineno":488,"name":"_call_with_frames_removed"}],"is_group":false,"exceptions":[]}]}
{"timestamp":"2025-08-27T13:40:06.598667","level":"info","event":"Filling up the DagBag from /opt/airflow/dags/spotify_etl.py","logger":"airflow.models.dagbag.DagBag"}
{"timestamp":"2025-08-27T13:40:06.604624","level":"error","event":"Failed to import: /opt/airflow/dags/spotify_etl.py","logger":"airflow.models.dagbag.DagBag","error_detail":[{"exc_type":"IndentationError","exc_value":"unexpected indent (spotify_etl.py, line 57)","exc_notes":[],"syntax_error":{"offset":12,"filename":"/opt/airflow/dags/spotify_etl.py","line":"            data = json.load(f)\n","lineno":57,"msg":"unexpected indent"},"is_cause":false,"frames":[{"filename":"/home/airflow/.local/lib/python3.12/site-packages/airflow/models/dagbag.py","lineno":394,"name":"parse"},{"filename":"<frozen importlib._bootstrap_external>","lineno":995,"name":"exec_module"},{"filename":"<frozen importlib._bootstrap_external>","lineno":1133,"name":"get_code"},{"filename":"<frozen importlib._bootstrap_external>","lineno":1063,"name":"source_to_code"},{"filename":"<frozen importlib._bootstrap>","lineno":488,"name":"_call_with_frames_removed"}],"is_group":false,"exceptions":[]}]}
{"timestamp":"2025-08-27T13:40:10.793467","level":"info","event":"Filling up the DagBag from /opt/airflow/dags/spotify_etl.py","logger":"airflow.models.dagbag.DagBag"}
{"timestamp":"2025-08-27T13:40:10.801575","level":"error","event":"Failed to import: /opt/airflow/dags/spotify_etl.py","logger":"airflow.models.dagbag.DagBag","error_detail":[{"exc_type":"IndentationError","exc_value":"unexpected indent (spotify_etl.py, line 57)","exc_notes":[],"syntax_error":{"offset":12,"filename":"/opt/airflow/dags/spotify_etl.py","line":"            data = json.load(f)\n","lineno":57,"msg":"unexpected indent"},"is_cause":false,"frames":[{"filename":"/home/airflow/.local/lib/python3.12/site-packages/airflow/models/dagbag.py","lineno":394,"name":"parse"},{"filename":"<frozen importlib._bootstrap_external>","lineno":995,"name":"exec_module"},{"filename":"<frozen importlib._bootstrap_external>","lineno":1133,"name":"get_code"},{"filename":"<frozen importlib._bootstrap_external>","lineno":1063,"name":"source_to_code"},{"filename":"<frozen importlib._bootstrap>","lineno":488,"name":"_call_with_frames_removed"}],"is_group":false,"exceptions":[]}]}
{"timestamp":"2025-08-27T13:40:11.909886","level":"info","event":"Filling up the DagBag from /opt/airflow/dags/spotify_etl.py","logger":"airflow.models.dagbag.DagBag"}
{"timestamp":"2025-08-27T13:40:11.916038","level":"error","event":"Failed to import: /opt/airflow/dags/spotify_etl.py","logger":"airflow.models.dagbag.DagBag","error_detail":[{"exc_type":"IndentationError","exc_value":"unexpected indent (spotify_etl.py, line 57)","exc_notes":[],"syntax_error":{"offset":12,"filename":"/opt/airflow/dags/spotify_etl.py","line":"            data = json.load(f)\n","lineno":57,"msg":"unexpected indent"},"is_cause":false,"frames":[{"filename":"/home/airflow/.local/lib/python3.12/site-packages/airflow/models/dagbag.py","lineno":394,"name":"parse"},{"filename":"<frozen importlib._bootstrap_external>","lineno":995,"name":"exec_module"},{"filename":"<frozen importlib._bootstrap_external>","lineno":1133,"name":"get_code"},{"filename":"<frozen importlib._bootstrap_external>","lineno":1063,"name":"source_to_code"},{"filename":"<frozen importlib._bootstrap>","lineno":488,"name":"_call_with_frames_removed"}],"is_group":false,"exceptions":[]}]}
{"timestamp":"2025-08-27T13:40:37.373392","level":"info","event":"Filling up the DagBag from /opt/airflow/dags/spotify_etl.py","logger":"airflow.models.dagbag.DagBag"}
{"timestamp":"2025-08-27T13:40:37.382169","level":"error","event":"Failed to import: /opt/airflow/dags/spotify_etl.py","logger":"airflow.models.dagbag.DagBag","error_detail":[{"exc_type":"IndentationError","exc_value":"unexpected indent (spotify_etl.py, line 58)","exc_notes":[],"syntax_error":{"offset":12,"filename":"/opt/airflow/dags/spotify_etl.py","line":"            data = json.load(f)\n","lineno":58,"msg":"unexpected indent"},"is_cause":false,"frames":[{"filename":"/home/airflow/.local/lib/python3.12/site-packages/airflow/models/dagbag.py","lineno":394,"name":"parse"},{"filename":"<frozen importlib._bootstrap_external>","lineno":995,"name":"exec_module"},{"filename":"<frozen importlib._bootstrap_external>","lineno":1133,"name":"get_code"},{"filename":"<frozen importlib._bootstrap_external>","lineno":1063,"name":"source_to_code"},{"filename":"<frozen importlib._bootstrap>","lineno":488,"name":"_call_with_frames_removed"}],"is_group":false,"exceptions":[]}]}
{"timestamp":"2025-08-27T13:40:44.641508","level":"info","event":"Filling up the DagBag from /opt/airflow/dags/spotify_etl.py","logger":"airflow.models.dagbag.DagBag"}
{"timestamp":"2025-08-27T13:40:44.650041","level":"error","event":"Failed to import: /opt/airflow/dags/spotify_etl.py","logger":"airflow.models.dagbag.DagBag","error_detail":[{"exc_type":"IndentationError","exc_value":"unexpected indent (spotify_etl.py, line 58)","exc_notes":[],"syntax_error":{"offset":12,"filename":"/opt/airflow/dags/spotify_etl.py","line":"            data = json.load(f)\n","lineno":58,"msg":"unexpected indent"},"is_cause":false,"frames":[{"filename":"/home/airflow/.local/lib/python3.12/site-packages/airflow/models/dagbag.py","lineno":394,"name":"parse"},{"filename":"<frozen importlib._bootstrap_external>","lineno":995,"name":"exec_module"},{"filename":"<frozen importlib._bootstrap_external>","lineno":1133,"name":"get_code"},{"filename":"<frozen importlib._bootstrap_external>","lineno":1063,"name":"source_to_code"},{"filename":"<frozen importlib._bootstrap>","lineno":488,"name":"_call_with_frames_removed"}],"is_group":false,"exceptions":[]}]}
{"timestamp":"2025-08-27T13:40:46.733724","level":"info","event":"Filling up the DagBag from /opt/airflow/dags/spotify_etl.py","logger":"airflow.models.dagbag.DagBag"}
{"timestamp":"2025-08-27T13:40:46.739883","level":"error","event":"Failed to import: /opt/airflow/dags/spotify_etl.py","logger":"airflow.models.dagbag.DagBag","error_detail":[{"exc_type":"IndentationError","exc_value":"unexpected indent (spotify_etl.py, line 58)","exc_notes":[],"syntax_error":{"offset":12,"filename":"/opt/airflow/dags/spotify_etl.py","line":"            data = json.load(f)\n","lineno":58,"msg":"unexpected indent"},"is_cause":false,"frames":[{"filename":"/home/airflow/.local/lib/python3.12/site-packages/airflow/models/dagbag.py","lineno":394,"name":"parse"},{"filename":"<frozen importlib._bootstrap_external>","lineno":995,"name":"exec_module"},{"filename":"<frozen importlib._bootstrap_external>","lineno":1133,"name":"get_code"},{"filename":"<frozen importlib._bootstrap_external>","lineno":1063,"name":"source_to_code"},{"filename":"<frozen importlib._bootstrap>","lineno":488,"name":"_call_with_frames_removed"}],"is_group":false,"exceptions":[]}]}
{"timestamp":"2025-08-27T13:40:49.907247","level":"info","event":"Filling up the DagBag from /opt/airflow/dags/spotify_etl.py","logger":"airflow.models.dagbag.DagBag"}
{"timestamp":"2025-08-27T13:40:49.920772","level":"error","event":"Failed to import: /opt/airflow/dags/spotify_etl.py","logger":"airflow.models.dagbag.DagBag","error_detail":[{"exc_type":"IndentationError","exc_value":"unexpected indent (spotify_etl.py, line 58)","exc_notes":[],"syntax_error":{"offset":12,"filename":"/opt/airflow/dags/spotify_etl.py","line":"            data = json.load(f)\n","lineno":58,"msg":"unexpected indent"},"is_cause":false,"frames":[{"filename":"/home/airflow/.local/lib/python3.12/site-packages/airflow/models/dagbag.py","lineno":394,"name":"parse"},{"filename":"<frozen importlib._bootstrap_external>","lineno":995,"name":"exec_module"},{"filename":"<frozen importlib._bootstrap_external>","lineno":1133,"name":"get_code"},{"filename":"<frozen importlib._bootstrap_external>","lineno":1063,"name":"source_to_code"},{"filename":"<frozen importlib._bootstrap>","lineno":488,"name":"_call_with_frames_removed"}],"is_group":false,"exceptions":[]}]}
{"timestamp":"2025-08-27T13:40:52.095918","level":"info","event":"Filling up the DagBag from /opt/airflow/dags/spotify_etl.py","logger":"airflow.models.dagbag.DagBag"}
{"timestamp":"2025-08-27T13:40:52.105289","level":"error","event":"Failed to import: /opt/airflow/dags/spotify_etl.py","logger":"airflow.models.dagbag.DagBag","error_detail":[{"exc_type":"SyntaxError","exc_value":"invalid syntax (spotify_etl.py, line 57)","exc_notes":[],"syntax_error":{"offset":19,"filename":"/opt/airflow/dags/spotify_etl.py","line":"        content = \n","lineno":57,"msg":"invalid syntax"},"is_cause":false,"frames":[{"filename":"/home/airflow/.local/lib/python3.12/site-packages/airflow/models/dagbag.py","lineno":394,"name":"parse"},{"filename":"<frozen importlib._bootstrap_external>","lineno":995,"name":"exec_module"},{"filename":"<frozen importlib._bootstrap_external>","lineno":1133,"name":"get_code"},{"filename":"<frozen importlib._bootstrap_external>","lineno":1063,"name":"source_to_code"},{"filename":"<frozen importlib._bootstrap>","lineno":488,"name":"_call_with_frames_removed"}],"is_group":false,"exceptions":[]}]}
{"timestamp":"2025-08-27T13:40:55.286312","level":"info","event":"Filling up the DagBag from /opt/airflow/dags/spotify_etl.py","logger":"airflow.models.dagbag.DagBag"}
{"timestamp":"2025-08-27T13:40:55.297551","level":"error","event":"Failed to import: /opt/airflow/dags/spotify_etl.py","logger":"airflow.models.dagbag.DagBag","error_detail":[{"exc_type":"SyntaxError","exc_value":"invalid syntax (spotify_etl.py, line 57)","exc_notes":[],"syntax_error":{"offset":21,"filename":"/opt/airflow/dags/spotify_etl.py","line":"        content = n.\n","lineno":57,"msg":"invalid syntax"},"is_cause":false,"frames":[{"filename":"/home/airflow/.local/lib/python3.12/site-packages/airflow/models/dagbag.py","lineno":394,"name":"parse"},{"filename":"<frozen importlib._bootstrap_external>","lineno":995,"name":"exec_module"},{"filename":"<frozen importlib._bootstrap_external>","lineno":1133,"name":"get_code"},{"filename":"<frozen importlib._bootstrap_external>","lineno":1063,"name":"source_to_code"},{"filename":"<frozen importlib._bootstrap>","lineno":488,"name":"_call_with_frames_removed"}],"is_group":false,"exceptions":[]}]}
{"timestamp":"2025-08-27T13:40:57.495237","level":"info","event":"Filling up the DagBag from /opt/airflow/dags/spotify_etl.py","logger":"airflow.models.dagbag.DagBag"}
{"timestamp":"2025-08-27T13:40:57.503441","level":"error","event":"Failed to import: /opt/airflow/dags/spotify_etl.py","logger":"airflow.models.dagbag.DagBag","error_detail":[{"exc_type":"IndentationError","exc_value":"unexpected indent (spotify_etl.py, line 58)","exc_notes":[],"syntax_error":{"offset":12,"filename":"/opt/airflow/dags/spotify_etl.py","line":"            data = json.load(f)\n","lineno":58,"msg":"unexpected indent"},"is_cause":false,"frames":[{"filename":"/home/airflow/.local/lib/python3.12/site-packages/airflow/models/dagbag.py","lineno":394,"name":"parse"},{"filename":"<frozen importlib._bootstrap_external>","lineno":995,"name":"exec_module"},{"filename":"<frozen importlib._bootstrap_external>","lineno":1133,"name":"get_code"},{"filename":"<frozen importlib._bootstrap_external>","lineno":1063,"name":"source_to_code"},{"filename":"<frozen importlib._bootstrap>","lineno":488,"name":"_call_with_frames_removed"}],"is_group":false,"exceptions":[]}]}
{"timestamp":"2025-08-27T13:41:03.720257","level":"info","event":"Filling up the DagBag from /opt/airflow/dags/spotify_etl.py","logger":"airflow.models.dagbag.DagBag"}
{"timestamp":"2025-08-27T13:41:03.739052","level":"error","event":"Failed to import: /opt/airflow/dags/spotify_etl.py","logger":"airflow.models.dagbag.DagBag","error_detail":[{"exc_type":"IndentationError","exc_value":"unexpected indent (spotify_etl.py, line 58)","exc_notes":[],"syntax_error":{"offset":12,"filename":"/opt/airflow/dags/spotify_etl.py","line":"            data = json.load(f)\n","lineno":58,"msg":"unexpected indent"},"is_cause":false,"frames":[{"filename":"/home/airflow/.local/lib/python3.12/site-packages/airflow/models/dagbag.py","lineno":394,"name":"parse"},{"filename":"<frozen importlib._bootstrap_external>","lineno":995,"name":"exec_module"},{"filename":"<frozen importlib._bootstrap_external>","lineno":1133,"name":"get_code"},{"filename":"<frozen importlib._bootstrap_external>","lineno":1063,"name":"source_to_code"},{"filename":"<frozen importlib._bootstrap>","lineno":488,"name":"_call_with_frames_removed"}],"is_group":false,"exceptions":[]}]}
{"timestamp":"2025-08-27T13:41:14.083232","level":"info","event":"Filling up the DagBag from /opt/airflow/dags/spotify_etl.py","logger":"airflow.models.dagbag.DagBag"}
{"timestamp":"2025-08-27T13:41:14.099139","level":"error","event":"Failed to import: /opt/airflow/dags/spotify_etl.py","logger":"airflow.models.dagbag.DagBag","error_detail":[{"exc_type":"IndentationError","exc_value":"unexpected indent (spotify_etl.py, line 59)","exc_notes":[],"syntax_error":{"offset":12,"filename":"/opt/airflow/dags/spotify_etl.py","line":"            for row in data:\n","lineno":59,"msg":"unexpected indent"},"is_cause":false,"frames":[{"filename":"/home/airflow/.local/lib/python3.12/site-packages/airflow/models/dagbag.py","lineno":394,"name":"parse"},{"filename":"<frozen importlib._bootstrap_external>","lineno":995,"name":"exec_module"},{"filename":"<frozen importlib._bootstrap_external>","lineno":1133,"name":"get_code"},{"filename":"<frozen importlib._bootstrap_external>","lineno":1063,"name":"source_to_code"},{"filename":"<frozen importlib._bootstrap>","lineno":488,"name":"_call_with_frames_removed"}],"is_group":false,"exceptions":[]}]}
{"timestamp":"2025-08-27T13:41:16.204980","level":"info","event":"Filling up the DagBag from /opt/airflow/dags/spotify_etl.py","logger":"airflow.models.dagbag.DagBag"}
{"timestamp":"2025-08-27T13:41:16.210564","level":"error","event":"Failed to import: /opt/airflow/dags/spotify_etl.py","logger":"airflow.models.dagbag.DagBag","error_detail":[{"exc_type":"IndentationError","exc_value":"unexpected indent (spotify_etl.py, line 59)","exc_notes":[],"syntax_error":{"offset":12,"filename":"/opt/airflow/dags/spotify_etl.py","line":"            for row in data:\n","lineno":59,"msg":"unexpected indent"},"is_cause":false,"frames":[{"filename":"/home/airflow/.local/lib/python3.12/site-packages/airflow/models/dagbag.py","lineno":394,"name":"parse"},{"filename":"<frozen importlib._bootstrap_external>","lineno":995,"name":"exec_module"},{"filename":"<frozen importlib._bootstrap_external>","lineno":1133,"name":"get_code"},{"filename":"<frozen importlib._bootstrap_external>","lineno":1063,"name":"source_to_code"},{"filename":"<frozen importlib._bootstrap>","lineno":488,"name":"_call_with_frames_removed"}],"is_group":false,"exceptions":[]}]}
{"timestamp":"2025-08-27T13:41:24.519883","level":"info","event":"Filling up the DagBag from /opt/airflow/dags/spotify_etl.py","logger":"airflow.models.dagbag.DagBag"}
{"timestamp":"2025-08-27T13:41:24.530038","level":"error","event":"Failed to import: /opt/airflow/dags/spotify_etl.py","logger":"airflow.models.dagbag.DagBag","error_detail":[{"exc_type":"IndentationError","exc_value":"unexpected indent (spotify_etl.py, line 59)","exc_notes":[],"syntax_error":{"offset":12,"filename":"/opt/airflow/dags/spotify_etl.py","line":"            for row in data:\n","lineno":59,"msg":"unexpected indent"},"is_cause":false,"frames":[{"filename":"/home/airflow/.local/lib/python3.12/site-packages/airflow/models/dagbag.py","lineno":394,"name":"parse"},{"filename":"<frozen importlib._bootstrap_external>","lineno":995,"name":"exec_module"},{"filename":"<frozen importlib._bootstrap_external>","lineno":1133,"name":"get_code"},{"filename":"<frozen importlib._bootstrap_external>","lineno":1063,"name":"source_to_code"},{"filename":"<frozen importlib._bootstrap>","lineno":488,"name":"_call_with_frames_removed"}],"is_group":false,"exceptions":[]}]}
{"timestamp":"2025-08-27T13:41:25.637278","level":"info","event":"Filling up the DagBag from /opt/airflow/dags/spotify_etl.py","logger":"airflow.models.dagbag.DagBag"}
{"timestamp":"2025-08-27T13:41:25.646418","level":"error","event":"Failed to import: /opt/airflow/dags/spotify_etl.py","logger":"airflow.models.dagbag.DagBag","error_detail":[{"exc_type":"IndentationError","exc_value":"unexpected indent (spotify_etl.py, line 59)","exc_notes":[],"syntax_error":{"offset":12,"filename":"/opt/airflow/dags/spotify_etl.py","line":"            for row in data:\n","lineno":59,"msg":"unexpected indent"},"is_cause":false,"frames":[{"filename":"/home/airflow/.local/lib/python3.12/site-packages/airflow/models/dagbag.py","lineno":394,"name":"parse"},{"filename":"<frozen importlib._bootstrap_external>","lineno":995,"name":"exec_module"},{"filename":"<frozen importlib._bootstrap_external>","lineno":1133,"name":"get_code"},{"filename":"<frozen importlib._bootstrap_external>","lineno":1063,"name":"source_to_code"},{"filename":"<frozen importlib._bootstrap>","lineno":488,"name":"_call_with_frames_removed"}],"is_group":false,"exceptions":[]}]}
{"timestamp":"2025-08-27T13:41:50.129904","level":"info","event":"Filling up the DagBag from /opt/airflow/dags/spotify_etl.py","logger":"airflow.models.dagbag.DagBag"}
{"timestamp":"2025-08-27T13:42:21.902461","level":"info","event":"Filling up the DagBag from /opt/airflow/dags/spotify_etl.py","logger":"airflow.models.dagbag.DagBag"}
{"timestamp":"2025-08-27T13:42:31.427798","level":"info","event":"Filling up the DagBag from /opt/airflow/dags/spotify_etl.py","logger":"airflow.models.dagbag.DagBag"}
{"timestamp":"2025-08-27T13:42:40.152410","level":"info","event":"Filling up the DagBag from /opt/airflow/dags/spotify_etl.py","logger":"airflow.models.dagbag.DagBag"}
{"timestamp":"2025-08-27T13:42:42.490523","level":"info","event":"Filling up the DagBag from /opt/airflow/dags/spotify_etl.py","logger":"airflow.models.dagbag.DagBag"}
{"timestamp":"2025-08-27T13:42:48.538829","level":"info","event":"Filling up the DagBag from /opt/airflow/dags/spotify_etl.py","logger":"airflow.models.dagbag.DagBag"}
{"timestamp":"2025-08-27T13:42:54.910929","level":"info","event":"Filling up the DagBag from /opt/airflow/dags/spotify_etl.py","logger":"airflow.models.dagbag.DagBag"}
{"timestamp":"2025-08-27T13:43:05.195661","level":"info","event":"Filling up the DagBag from /opt/airflow/dags/spotify_etl.py","logger":"airflow.models.dagbag.DagBag"}
{"timestamp":"2025-08-27T13:43:08.760485","level":"info","event":"Filling up the DagBag from /opt/airflow/dags/spotify_etl.py","logger":"airflow.models.dagbag.DagBag"}
{"timestamp":"2025-08-27T13:43:11.096154","level":"info","event":"Filling up the DagBag from /opt/airflow/dags/spotify_etl.py","logger":"airflow.models.dagbag.DagBag"}
{"timestamp":"2025-08-27T13:43:15.505741","level":"info","event":"Filling up the DagBag from /opt/airflow/dags/spotify_etl.py","logger":"airflow.models.dagbag.DagBag"}
{"timestamp":"2025-08-27T13:43:20.801678","level":"info","event":"Filling up the DagBag from /opt/airflow/dags/spotify_etl.py","logger":"airflow.models.dagbag.DagBag"}
{"timestamp":"2025-08-27T13:43:27.216705","level":"info","event":"Filling up the DagBag from /opt/airflow/dags/spotify_etl.py","logger":"airflow.models.dagbag.DagBag"}
{"timestamp":"2025-08-27T13:43:31.640384","level":"info","event":"Filling up the DagBag from /opt/airflow/dags/spotify_etl.py","logger":"airflow.models.dagbag.DagBag"}
{"timestamp":"2025-08-27T13:43:35.085255","level":"info","event":"Filling up the DagBag from /opt/airflow/dags/spotify_etl.py","logger":"airflow.models.dagbag.DagBag"}
{"timestamp":"2025-08-27T13:44:06.906694","level":"info","event":"Filling up the DagBag from /opt/airflow/dags/spotify_etl.py","logger":"airflow.models.dagbag.DagBag"}
{"timestamp":"2025-08-27T13:44:38.659424","level":"info","event":"Filling up the DagBag from /opt/airflow/dags/spotify_etl.py","logger":"airflow.models.dagbag.DagBag"}
{"timestamp":"2025-08-27T13:45:10.238239","level":"info","event":"Filling up the DagBag from /opt/airflow/dags/spotify_etl.py","logger":"airflow.models.dagbag.DagBag"}
{"timestamp":"2025-08-27T13:45:41.753904","level":"info","event":"Filling up the DagBag from /opt/airflow/dags/spotify_etl.py","logger":"airflow.models.dagbag.DagBag"}
{"timestamp":"2025-08-27T13:46:13.814947","level":"info","event":"Filling up the DagBag from /opt/airflow/dags/spotify_etl.py","logger":"airflow.models.dagbag.DagBag"}
{"timestamp":"2025-08-27T13:46:45.521680","level":"info","event":"Filling up the DagBag from /opt/airflow/dags/spotify_etl.py","logger":"airflow.models.dagbag.DagBag"}
{"timestamp":"2025-08-27T13:47:17.021010","level":"info","event":"Filling up the DagBag from /opt/airflow/dags/spotify_etl.py","logger":"airflow.models.dagbag.DagBag"}
{"timestamp":"2025-08-27T13:49:27.970884","level":"info","event":"Filling up the DagBag from /opt/airflow/dags/spotify_etl.py","logger":"airflow.models.dagbag.DagBag"}
{"timestamp":"2025-08-27T13:50:00.796787","level":"info","event":"Filling up the DagBag from /opt/airflow/dags/spotify_etl.py","logger":"airflow.models.dagbag.DagBag"}
{"timestamp":"2025-08-27T13:50:32.270663","level":"info","event":"Filling up the DagBag from /opt/airflow/dags/spotify_etl.py","logger":"airflow.models.dagbag.DagBag"}
{"timestamp":"2025-08-27T13:51:03.665078","level":"info","event":"Filling up the DagBag from /opt/airflow/dags/spotify_etl.py","logger":"airflow.models.dagbag.DagBag"}
{"timestamp":"2025-08-27T13:51:35.312883","level":"info","event":"Filling up the DagBag from /opt/airflow/dags/spotify_etl.py","logger":"airflow.models.dagbag.DagBag"}
{"timestamp":"2025-08-27T13:52:06.901002","level":"info","event":"Filling up the DagBag from /opt/airflow/dags/spotify_etl.py","logger":"airflow.models.dagbag.DagBag"}
{"timestamp":"2025-08-27T13:52:38.521359","level":"info","event":"Filling up the DagBag from /opt/airflow/dags/spotify_etl.py","logger":"airflow.models.dagbag.DagBag"}
{"timestamp":"2025-08-27T13:53:10.242277","level":"info","event":"Filling up the DagBag from /opt/airflow/dags/spotify_etl.py","logger":"airflow.models.dagbag.DagBag"}
{"timestamp":"2025-08-27T13:53:41.784860","level":"info","event":"Filling up the DagBag from /opt/airflow/dags/spotify_etl.py","logger":"airflow.models.dagbag.DagBag"}
{"timestamp":"2025-08-27T13:54:13.727873","level":"info","event":"Filling up the DagBag from /opt/airflow/dags/spotify_etl.py","logger":"airflow.models.dagbag.DagBag"}
{"timestamp":"2025-08-27T13:54:45.130792","level":"info","event":"Filling up the DagBag from /opt/airflow/dags/spotify_etl.py","logger":"airflow.models.dagbag.DagBag"}
{"timestamp":"2025-08-27T13:55:16.489268","level":"info","event":"Filling up the DagBag from /opt/airflow/dags/spotify_etl.py","logger":"airflow.models.dagbag.DagBag"}
{"timestamp":"2025-08-27T13:55:55.864678","level":"info","event":"Filling up the DagBag from /opt/airflow/dags/spotify_etl.py","logger":"airflow.models.dagbag.DagBag"}
{"timestamp":"2025-08-27T13:56:27.309713","level":"info","event":"Filling up the DagBag from /opt/airflow/dags/spotify_etl.py","logger":"airflow.models.dagbag.DagBag"}
{"timestamp":"2025-08-27T13:56:58.944080","level":"info","event":"Filling up the DagBag from /opt/airflow/dags/spotify_etl.py","logger":"airflow.models.dagbag.DagBag"}
{"timestamp":"2025-08-27T13:57:30.598431","level":"info","event":"Filling up the DagBag from /opt/airflow/dags/spotify_etl.py","logger":"airflow.models.dagbag.DagBag"}
{"timestamp":"2025-08-27T13:58:02.459513","level":"info","event":"Filling up the DagBag from /opt/airflow/dags/spotify_etl.py","logger":"airflow.models.dagbag.DagBag"}
{"timestamp":"2025-08-27T13:58:35.653913","level":"info","event":"Filling up the DagBag from /opt/airflow/dags/spotify_etl.py","logger":"airflow.models.dagbag.DagBag"}
{"timestamp":"2025-08-27T13:59:08.674032","level":"info","event":"Filling up the DagBag from /opt/airflow/dags/spotify_etl.py","logger":"airflow.models.dagbag.DagBag"}
{"timestamp":"2025-08-27T13:59:41.321923","level":"info","event":"Filling up the DagBag from /opt/airflow/dags/spotify_etl.py","logger":"airflow.models.dagbag.DagBag"}
{"timestamp":"2025-08-27T14:00:13.380437","level":"info","event":"Filling up the DagBag from /opt/airflow/dags/spotify_etl.py","logger":"airflow.models.dagbag.DagBag"}
{"timestamp":"2025-08-27T14:00:45.544876","level":"info","event":"Filling up the DagBag from /opt/airflow/dags/spotify_etl.py","logger":"airflow.models.dagbag.DagBag"}
{"timestamp":"2025-08-27T14:01:17.394595","level":"info","event":"Filling up the DagBag from /opt/airflow/dags/spotify_etl.py","logger":"airflow.models.dagbag.DagBag"}
{"timestamp":"2025-08-27T14:01:49.547019","level":"info","event":"Filling up the DagBag from /opt/airflow/dags/spotify_etl.py","logger":"airflow.models.dagbag.DagBag"}
{"timestamp":"2025-08-27T14:02:21.895318","level":"info","event":"Filling up the DagBag from /opt/airflow/dags/spotify_etl.py","logger":"airflow.models.dagbag.DagBag"}
{"timestamp":"2025-08-27T14:02:54.250564","level":"info","event":"Filling up the DagBag from /opt/airflow/dags/spotify_etl.py","logger":"airflow.models.dagbag.DagBag"}
{"timestamp":"2025-08-27T14:03:25.982837","level":"info","event":"Filling up the DagBag from /opt/airflow/dags/spotify_etl.py","logger":"airflow.models.dagbag.DagBag"}
{"timestamp":"2025-08-27T14:03:54.095577","level":"info","event":"Filling up the DagBag from /opt/airflow/dags/spotify_etl.py","logger":"airflow.models.dagbag.DagBag"}
{"timestamp":"2025-08-27T14:04:28.373681","level":"info","event":"Filling up the DagBag from /opt/airflow/dags/spotify_etl.py","logger":"airflow.models.dagbag.DagBag"}
{"timestamp":"2025-08-27T14:05:00.425196","level":"info","event":"Filling up the DagBag from /opt/airflow/dags/spotify_etl.py","logger":"airflow.models.dagbag.DagBag"}
{"timestamp":"2025-08-27T14:05:32.011509","level":"info","event":"Filling up the DagBag from /opt/airflow/dags/spotify_etl.py","logger":"airflow.models.dagbag.DagBag"}
{"timestamp":"2025-08-27T14:06:03.701067","level":"info","event":"Filling up the DagBag from /opt/airflow/dags/spotify_etl.py","logger":"airflow.models.dagbag.DagBag"}
{"timestamp":"2025-08-27T14:06:35.426806","level":"info","event":"Filling up the DagBag from /opt/airflow/dags/spotify_etl.py","logger":"airflow.models.dagbag.DagBag"}
{"timestamp":"2025-08-27T14:07:07.977421","level":"info","event":"Filling up the DagBag from /opt/airflow/dags/spotify_etl.py","logger":"airflow.models.dagbag.DagBag"}
{"timestamp":"2025-08-27T14:07:34.249552","level":"info","event":"Filling up the DagBag from /opt/airflow/dags/spotify_etl.py","logger":"airflow.models.dagbag.DagBag"}
{"timestamp":"2025-08-27T14:07:36.520381","level":"info","event":"Filling up the DagBag from /opt/airflow/dags/spotify_etl.py","logger":"airflow.models.dagbag.DagBag"}
{"timestamp":"2025-08-27T14:08:07.836651","level":"info","event":"Filling up the DagBag from /opt/airflow/dags/spotify_etl.py","logger":"airflow.models.dagbag.DagBag"}
{"timestamp":"2025-08-27T14:08:39.579568","level":"info","event":"Filling up the DagBag from /opt/airflow/dags/spotify_etl.py","logger":"airflow.models.dagbag.DagBag"}
{"timestamp":"2025-08-27T14:09:11.889159","level":"info","event":"Filling up the DagBag from /opt/airflow/dags/spotify_etl.py","logger":"airflow.models.dagbag.DagBag"}
{"timestamp":"2025-08-27T14:09:43.901055","level":"info","event":"Filling up the DagBag from /opt/airflow/dags/spotify_etl.py","logger":"airflow.models.dagbag.DagBag"}
{"timestamp":"2025-08-27T14:10:15.761787","level":"info","event":"Filling up the DagBag from /opt/airflow/dags/spotify_etl.py","logger":"airflow.models.dagbag.DagBag"}
{"timestamp":"2025-08-27T14:10:48.729149","level":"info","event":"Filling up the DagBag from /opt/airflow/dags/spotify_etl.py","logger":"airflow.models.dagbag.DagBag"}
{"timestamp":"2025-08-27T14:11:21.282229","level":"info","event":"Filling up the DagBag from /opt/airflow/dags/spotify_etl.py","logger":"airflow.models.dagbag.DagBag"}
{"timestamp":"2025-08-27T14:11:53.144134","level":"info","event":"Filling up the DagBag from /opt/airflow/dags/spotify_etl.py","logger":"airflow.models.dagbag.DagBag"}
{"timestamp":"2025-08-27T14:12:24.791722","level":"info","event":"Filling up the DagBag from /opt/airflow/dags/spotify_etl.py","logger":"airflow.models.dagbag.DagBag"}
{"timestamp":"2025-08-27T14:12:56.651204","level":"info","event":"Filling up the DagBag from /opt/airflow/dags/spotify_etl.py","logger":"airflow.models.dagbag.DagBag"}
{"timestamp":"2025-08-27T14:13:28.308642","level":"info","event":"Filling up the DagBag from /opt/airflow/dags/spotify_etl.py","logger":"airflow.models.dagbag.DagBag"}
{"timestamp":"2025-08-27T14:14:00.226132","level":"info","event":"Filling up the DagBag from /opt/airflow/dags/spotify_etl.py","logger":"airflow.models.dagbag.DagBag"}
{"timestamp":"2025-08-27T14:14:34.832926","level":"info","event":"Filling up the DagBag from /opt/airflow/dags/spotify_etl.py","logger":"airflow.models.dagbag.DagBag"}
{"timestamp":"2025-08-27T14:15:07.080518","level":"info","event":"Filling up the DagBag from /opt/airflow/dags/spotify_etl.py","logger":"airflow.models.dagbag.DagBag"}
{"timestamp":"2025-08-27T14:15:38.808726","level":"info","event":"Filling up the DagBag from /opt/airflow/dags/spotify_etl.py","logger":"airflow.models.dagbag.DagBag"}
{"timestamp":"2025-08-27T14:16:10.422672","level":"info","event":"Filling up the DagBag from /opt/airflow/dags/spotify_etl.py","logger":"airflow.models.dagbag.DagBag"}
{"timestamp":"2025-08-27T14:16:42.782761","level":"info","event":"Filling up the DagBag from /opt/airflow/dags/spotify_etl.py","logger":"airflow.models.dagbag.DagBag"}
{"timestamp":"2025-08-27T14:17:16.211575","level":"info","event":"Filling up the DagBag from /opt/airflow/dags/spotify_etl.py","logger":"airflow.models.dagbag.DagBag"}
{"timestamp":"2025-08-27T14:17:55.062566","level":"info","event":"Filling up the DagBag from /opt/airflow/dags/spotify_etl.py","logger":"airflow.models.dagbag.DagBag"}
{"timestamp":"2025-08-27T14:18:54.237849","level":"info","event":"Filling up the DagBag from /opt/airflow/dags/spotify_etl.py","logger":"airflow.models.dagbag.DagBag"}
{"timestamp":"2025-08-27T14:19:26.132024","level":"info","event":"Filling up the DagBag from /opt/airflow/dags/spotify_etl.py","logger":"airflow.models.dagbag.DagBag"}
{"timestamp":"2025-08-27T14:20:27.142037","level":"info","event":"Filling up the DagBag from /opt/airflow/dags/spotify_etl.py","logger":"airflow.models.dagbag.DagBag"}
{"timestamp":"2025-08-27T14:21:06.927019","level":"info","event":"Filling up the DagBag from /opt/airflow/dags/spotify_etl.py","logger":"airflow.models.dagbag.DagBag"}
{"timestamp":"2025-08-27T14:21:38.676043","level":"info","event":"Filling up the DagBag from /opt/airflow/dags/spotify_etl.py","logger":"airflow.models.dagbag.DagBag"}
{"timestamp":"2025-08-27T14:26:51.628696","level":"info","event":"Filling up the DagBag from /opt/airflow/dags/spotify_etl.py","logger":"airflow.models.dagbag.DagBag"}
{"timestamp":"2025-08-27T14:27:07.266228","level":"info","event":"Filling up the DagBag from /opt/airflow/dags/spotify_etl.py","logger":"airflow.models.dagbag.DagBag"}
{"timestamp":"2025-08-27T14:27:08.920872Z","level":"warning","event":"Process exited abnormally","exit_code":126,"logger":"processor"}
{"timestamp":"2025-08-27T14:27:39.562551","level":"info","event":"Filling up the DagBag from /opt/airflow/dags/spotify_etl.py","logger":"airflow.models.dagbag.DagBag"}
{"timestamp":"2025-08-27T14:28:11.289462","level":"info","event":"Filling up the DagBag from /opt/airflow/dags/spotify_etl.py","logger":"airflow.models.dagbag.DagBag"}
{"timestamp":"2025-08-27T14:28:43.074599","level":"info","event":"Filling up the DagBag from /opt/airflow/dags/spotify_etl.py","logger":"airflow.models.dagbag.DagBag"}
{"timestamp":"2025-08-27T14:29:15.169568","level":"info","event":"Filling up the DagBag from /opt/airflow/dags/spotify_etl.py","logger":"airflow.models.dagbag.DagBag"}
{"timestamp":"2025-08-27T14:29:47.024265","level":"info","event":"Filling up the DagBag from /opt/airflow/dags/spotify_etl.py","logger":"airflow.models.dagbag.DagBag"}
{"timestamp":"2025-08-27T14:30:19.238462","level":"info","event":"Filling up the DagBag from /opt/airflow/dags/spotify_etl.py","logger":"airflow.models.dagbag.DagBag"}
{"timestamp":"2025-08-27T14:30:51.980410","level":"info","event":"Filling up the DagBag from /opt/airflow/dags/spotify_etl.py","logger":"airflow.models.dagbag.DagBag"}
{"timestamp":"2025-08-27T14:31:41.573633","level":"info","event":"Filling up the DagBag from /opt/airflow/dags/spotify_etl.py","logger":"airflow.models.dagbag.DagBag"}
{"timestamp":"2025-08-27T14:32:13.420314","level":"info","event":"Filling up the DagBag from /opt/airflow/dags/spotify_etl.py","logger":"airflow.models.dagbag.DagBag"}
{"timestamp":"2025-08-27T14:32:45.594035","level":"info","event":"Filling up the DagBag from /opt/airflow/dags/spotify_etl.py","logger":"airflow.models.dagbag.DagBag"}
{"timestamp":"2025-08-27T14:33:18.973465","level":"info","event":"Filling up the DagBag from /opt/airflow/dags/spotify_etl.py","logger":"airflow.models.dagbag.DagBag"}
{"timestamp":"2025-08-27T14:33:51.068423","level":"info","event":"Filling up the DagBag from /opt/airflow/dags/spotify_etl.py","logger":"airflow.models.dagbag.DagBag"}
{"timestamp":"2025-08-27T14:34:23.044988","level":"info","event":"Filling up the DagBag from /opt/airflow/dags/spotify_etl.py","logger":"airflow.models.dagbag.DagBag"}
{"timestamp":"2025-08-27T14:34:54.861870","level":"info","event":"Filling up the DagBag from /opt/airflow/dags/spotify_etl.py","logger":"airflow.models.dagbag.DagBag"}
{"timestamp":"2025-08-27T14:35:26.404899","level":"info","event":"Filling up the DagBag from /opt/airflow/dags/spotify_etl.py","logger":"airflow.models.dagbag.DagBag"}
{"timestamp":"2025-08-27T14:35:58.026345","level":"info","event":"Filling up the DagBag from /opt/airflow/dags/spotify_etl.py","logger":"airflow.models.dagbag.DagBag"}
{"timestamp":"2025-08-27T14:36:30.760950","level":"info","event":"Filling up the DagBag from /opt/airflow/dags/spotify_etl.py","logger":"airflow.models.dagbag.DagBag"}
{"timestamp":"2025-08-27T14:37:04.990257","level":"info","event":"Filling up the DagBag from /opt/airflow/dags/spotify_etl.py","logger":"airflow.models.dagbag.DagBag"}
{"timestamp":"2025-08-27T14:37:38.380572","level":"info","event":"Filling up the DagBag from /opt/airflow/dags/spotify_etl.py","logger":"airflow.models.dagbag.DagBag"}
{"timestamp":"2025-08-27T14:38:10.435566","level":"info","event":"Filling up the DagBag from /opt/airflow/dags/spotify_etl.py","logger":"airflow.models.dagbag.DagBag"}
{"timestamp":"2025-08-27T14:38:42.299868","level":"info","event":"Filling up the DagBag from /opt/airflow/dags/spotify_etl.py","logger":"airflow.models.dagbag.DagBag"}
{"timestamp":"2025-08-27T14:39:14.939659","level":"info","event":"Filling up the DagBag from /opt/airflow/dags/spotify_etl.py","logger":"airflow.models.dagbag.DagBag"}
{"timestamp":"2025-08-27T14:39:47.139855","level":"info","event":"Filling up the DagBag from /opt/airflow/dags/spotify_etl.py","logger":"airflow.models.dagbag.DagBag"}
{"timestamp":"2025-08-27T14:40:19.040917","level":"info","event":"Filling up the DagBag from /opt/airflow/dags/spotify_etl.py","logger":"airflow.models.dagbag.DagBag"}
{"timestamp":"2025-08-27T14:40:54.810499","level":"info","event":"Filling up the DagBag from /opt/airflow/dags/spotify_etl.py","logger":"airflow.models.dagbag.DagBag"}
{"timestamp":"2025-08-27T14:41:28.721243","level":"info","event":"Filling up the DagBag from /opt/airflow/dags/spotify_etl.py","logger":"airflow.models.dagbag.DagBag"}
{"timestamp":"2025-08-27T14:42:00.843075","level":"info","event":"Filling up the DagBag from /opt/airflow/dags/spotify_etl.py","logger":"airflow.models.dagbag.DagBag"}
{"timestamp":"2025-08-27T14:42:32.776237","level":"info","event":"Filling up the DagBag from /opt/airflow/dags/spotify_etl.py","logger":"airflow.models.dagbag.DagBag"}
{"timestamp":"2025-08-27T14:43:05.620706","level":"info","event":"Filling up the DagBag from /opt/airflow/dags/spotify_etl.py","logger":"airflow.models.dagbag.DagBag"}
{"timestamp":"2025-08-27T14:43:39.487849","level":"info","event":"Filling up the DagBag from /opt/airflow/dags/spotify_etl.py","logger":"airflow.models.dagbag.DagBag"}
{"timestamp":"2025-08-27T14:44:12.924681","level":"info","event":"Filling up the DagBag from /opt/airflow/dags/spotify_etl.py","logger":"airflow.models.dagbag.DagBag"}
{"timestamp":"2025-08-27T14:44:44.776585","level":"info","event":"Filling up the DagBag from /opt/airflow/dags/spotify_etl.py","logger":"airflow.models.dagbag.DagBag"}
{"timestamp":"2025-08-27T14:45:16.989205","level":"info","event":"Filling up the DagBag from /opt/airflow/dags/spotify_etl.py","logger":"airflow.models.dagbag.DagBag"}
{"timestamp":"2025-08-27T14:45:50.777876","level":"info","event":"Filling up the DagBag from /opt/airflow/dags/spotify_etl.py","logger":"airflow.models.dagbag.DagBag"}
{"timestamp":"2025-08-27T14:46:22.886526","level":"info","event":"Filling up the DagBag from /opt/airflow/dags/spotify_etl.py","logger":"airflow.models.dagbag.DagBag"}
{"timestamp":"2025-08-27T14:46:54.931226","level":"info","event":"Filling up the DagBag from /opt/airflow/dags/spotify_etl.py","logger":"airflow.models.dagbag.DagBag"}
{"timestamp":"2025-08-27T14:47:26.713170","level":"info","event":"Filling up the DagBag from /opt/airflow/dags/spotify_etl.py","logger":"airflow.models.dagbag.DagBag"}
{"timestamp":"2025-08-27T14:47:58.543687","level":"info","event":"Filling up the DagBag from /opt/airflow/dags/spotify_etl.py","logger":"airflow.models.dagbag.DagBag"}
{"timestamp":"2025-08-27T14:48:31.995035","level":"info","event":"Filling up the DagBag from /opt/airflow/dags/spotify_etl.py","logger":"airflow.models.dagbag.DagBag"}
{"timestamp":"2025-08-27T14:49:04.357078","level":"info","event":"Filling up the DagBag from /opt/airflow/dags/spotify_etl.py","logger":"airflow.models.dagbag.DagBag"}
{"timestamp":"2025-08-27T14:49:42.774862","level":"info","event":"Filling up the DagBag from /opt/airflow/dags/spotify_etl.py","logger":"airflow.models.dagbag.DagBag"}
{"timestamp":"2025-08-27T14:50:17.860884","level":"info","event":"Filling up the DagBag from /opt/airflow/dags/spotify_etl.py","logger":"airflow.models.dagbag.DagBag"}
{"timestamp":"2025-08-27T14:50:50.922855","level":"info","event":"Filling up the DagBag from /opt/airflow/dags/spotify_etl.py","logger":"airflow.models.dagbag.DagBag"}
{"timestamp":"2025-08-27T14:51:23.811258","level":"info","event":"Filling up the DagBag from /opt/airflow/dags/spotify_etl.py","logger":"airflow.models.dagbag.DagBag"}
{"timestamp":"2025-08-27T14:51:56.046405","level":"info","event":"Filling up the DagBag from /opt/airflow/dags/spotify_etl.py","logger":"airflow.models.dagbag.DagBag"}
{"timestamp":"2025-08-27T14:52:28.398978","level":"info","event":"Filling up the DagBag from /opt/airflow/dags/spotify_etl.py","logger":"airflow.models.dagbag.DagBag"}
{"timestamp":"2025-08-27T14:53:04.823037","level":"info","event":"Filling up the DagBag from /opt/airflow/dags/spotify_etl.py","logger":"airflow.models.dagbag.DagBag"}
{"timestamp":"2025-08-27T14:53:39.854410","level":"info","event":"Filling up the DagBag from /opt/airflow/dags/spotify_etl.py","logger":"airflow.models.dagbag.DagBag"}
{"timestamp":"2025-08-27T14:54:15.582778","level":"info","event":"Filling up the DagBag from /opt/airflow/dags/spotify_etl.py","logger":"airflow.models.dagbag.DagBag"}
{"timestamp":"2025-08-27T14:54:47.559313","level":"info","event":"Filling up the DagBag from /opt/airflow/dags/spotify_etl.py","logger":"airflow.models.dagbag.DagBag"}
{"timestamp":"2025-08-27T14:55:19.744875","level":"info","event":"Filling up the DagBag from /opt/airflow/dags/spotify_etl.py","logger":"airflow.models.dagbag.DagBag"}
{"timestamp":"2025-08-27T14:55:51.854029","level":"info","event":"Filling up the DagBag from /opt/airflow/dags/spotify_etl.py","logger":"airflow.models.dagbag.DagBag"}
{"timestamp":"2025-08-27T14:56:23.800181","level":"info","event":"Filling up the DagBag from /opt/airflow/dags/spotify_etl.py","logger":"airflow.models.dagbag.DagBag"}
{"timestamp":"2025-08-27T14:56:55.951613","level":"info","event":"Filling up the DagBag from /opt/airflow/dags/spotify_etl.py","logger":"airflow.models.dagbag.DagBag"}
{"timestamp":"2025-08-27T14:57:27.993114","level":"info","event":"Filling up the DagBag from /opt/airflow/dags/spotify_etl.py","logger":"airflow.models.dagbag.DagBag"}
{"timestamp":"2025-08-27T14:58:05.567175","level":"info","event":"Filling up the DagBag from /opt/airflow/dags/spotify_etl.py","logger":"airflow.models.dagbag.DagBag"}
{"timestamp":"2025-08-27T14:58:39.459470","level":"info","event":"Filling up the DagBag from /opt/airflow/dags/spotify_etl.py","logger":"airflow.models.dagbag.DagBag"}
{"timestamp":"2025-08-27T14:59:11.645926","level":"info","event":"Filling up the DagBag from /opt/airflow/dags/spotify_etl.py","logger":"airflow.models.dagbag.DagBag"}
{"timestamp":"2025-08-27T14:59:44.193181","level":"info","event":"Filling up the DagBag from /opt/airflow/dags/spotify_etl.py","logger":"airflow.models.dagbag.DagBag"}
{"timestamp":"2025-08-27T15:00:16.529733","level":"info","event":"Filling up the DagBag from /opt/airflow/dags/spotify_etl.py","logger":"airflow.models.dagbag.DagBag"}
{"timestamp":"2025-08-27T15:00:48.033002","level":"info","event":"Filling up the DagBag from /opt/airflow/dags/spotify_etl.py","logger":"airflow.models.dagbag.DagBag"}
{"timestamp":"2025-08-27T15:01:20.634166","level":"info","event":"Filling up the DagBag from /opt/airflow/dags/spotify_etl.py","logger":"airflow.models.dagbag.DagBag"}
{"timestamp":"2025-08-27T15:01:57.486351","level":"info","event":"Filling up the DagBag from /opt/airflow/dags/spotify_etl.py","logger":"airflow.models.dagbag.DagBag"}
{"timestamp":"2025-08-27T15:02:33.122064","level":"info","event":"Filling up the DagBag from /opt/airflow/dags/spotify_etl.py","logger":"airflow.models.dagbag.DagBag"}
{"timestamp":"2025-08-27T15:03:07.617131","level":"info","event":"Filling up the DagBag from /opt/airflow/dags/spotify_etl.py","logger":"airflow.models.dagbag.DagBag"}
{"timestamp":"2025-08-27T15:03:39.236621","level":"info","event":"Filling up the DagBag from /opt/airflow/dags/spotify_etl.py","logger":"airflow.models.dagbag.DagBag"}
{"timestamp":"2025-08-27T15:04:12.287799","level":"info","event":"Filling up the DagBag from /opt/airflow/dags/spotify_etl.py","logger":"airflow.models.dagbag.DagBag"}
{"timestamp":"2025-08-27T15:04:45.302933","level":"info","event":"Filling up the DagBag from /opt/airflow/dags/spotify_etl.py","logger":"airflow.models.dagbag.DagBag"}
{"timestamp":"2025-08-27T15:05:19.513298","level":"info","event":"Filling up the DagBag from /opt/airflow/dags/spotify_etl.py","logger":"airflow.models.dagbag.DagBag"}
{"timestamp":"2025-08-27T15:05:51.237478","level":"info","event":"Filling up the DagBag from /opt/airflow/dags/spotify_etl.py","logger":"airflow.models.dagbag.DagBag"}
{"timestamp":"2025-08-27T15:06:22.886990","level":"info","event":"Filling up the DagBag from /opt/airflow/dags/spotify_etl.py","logger":"airflow.models.dagbag.DagBag"}
{"timestamp":"2025-08-27T15:06:54.727364","level":"info","event":"Filling up the DagBag from /opt/airflow/dags/spotify_etl.py","logger":"airflow.models.dagbag.DagBag"}
{"timestamp":"2025-08-27T15:07:26.424169","level":"info","event":"Filling up the DagBag from /opt/airflow/dags/spotify_etl.py","logger":"airflow.models.dagbag.DagBag"}
{"timestamp":"2025-08-27T15:07:58.472430","level":"info","event":"Filling up the DagBag from /opt/airflow/dags/spotify_etl.py","logger":"airflow.models.dagbag.DagBag"}
{"timestamp":"2025-08-27T15:08:30.128876","level":"info","event":"Filling up the DagBag from /opt/airflow/dags/spotify_etl.py","logger":"airflow.models.dagbag.DagBag"}
{"timestamp":"2025-08-27T15:09:01.488365","level":"info","event":"Filling up the DagBag from /opt/airflow/dags/spotify_etl.py","logger":"airflow.models.dagbag.DagBag"}
{"timestamp":"2025-08-27T15:09:32.891612","level":"info","event":"Filling up the DagBag from /opt/airflow/dags/spotify_etl.py","logger":"airflow.models.dagbag.DagBag"}
{"timestamp":"2025-08-27T15:10:04.379353","level":"info","event":"Filling up the DagBag from /opt/airflow/dags/spotify_etl.py","logger":"airflow.models.dagbag.DagBag"}
{"timestamp":"2025-08-27T15:10:37.928852","level":"info","event":"Filling up the DagBag from /opt/airflow/dags/spotify_etl.py","logger":"airflow.models.dagbag.DagBag"}
{"timestamp":"2025-08-27T15:11:09.492030","level":"info","event":"Filling up the DagBag from /opt/airflow/dags/spotify_etl.py","logger":"airflow.models.dagbag.DagBag"}
{"timestamp":"2025-08-27T15:11:41.191817","level":"info","event":"Filling up the DagBag from /opt/airflow/dags/spotify_etl.py","logger":"airflow.models.dagbag.DagBag"}
{"timestamp":"2025-08-27T15:12:12.944581","level":"info","event":"Filling up the DagBag from /opt/airflow/dags/spotify_etl.py","logger":"airflow.models.dagbag.DagBag"}
{"timestamp":"2025-08-27T15:12:44.845196","level":"info","event":"Filling up the DagBag from /opt/airflow/dags/spotify_etl.py","logger":"airflow.models.dagbag.DagBag"}
{"timestamp":"2025-08-27T15:13:16.230290","level":"info","event":"Filling up the DagBag from /opt/airflow/dags/spotify_etl.py","logger":"airflow.models.dagbag.DagBag"}
{"timestamp":"2025-08-27T15:13:47.800948","level":"info","event":"Filling up the DagBag from /opt/airflow/dags/spotify_etl.py","logger":"airflow.models.dagbag.DagBag"}
{"timestamp":"2025-08-27T15:14:19.395517","level":"info","event":"Filling up the DagBag from /opt/airflow/dags/spotify_etl.py","logger":"airflow.models.dagbag.DagBag"}
{"timestamp":"2025-08-27T15:14:51.119127","level":"info","event":"Filling up the DagBag from /opt/airflow/dags/spotify_etl.py","logger":"airflow.models.dagbag.DagBag"}
{"timestamp":"2025-08-27T15:15:22.555475","level":"info","event":"Filling up the DagBag from /opt/airflow/dags/spotify_etl.py","logger":"airflow.models.dagbag.DagBag"}
{"timestamp":"2025-08-27T15:15:53.834468","level":"info","event":"Filling up the DagBag from /opt/airflow/dags/spotify_etl.py","logger":"airflow.models.dagbag.DagBag"}
{"timestamp":"2025-08-27T15:16:25.625934","level":"info","event":"Filling up the DagBag from /opt/airflow/dags/spotify_etl.py","logger":"airflow.models.dagbag.DagBag"}
{"timestamp":"2025-08-27T15:16:57.406577","level":"info","event":"Filling up the DagBag from /opt/airflow/dags/spotify_etl.py","logger":"airflow.models.dagbag.DagBag"}
{"timestamp":"2025-08-27T15:17:30.106087","level":"info","event":"Filling up the DagBag from /opt/airflow/dags/spotify_etl.py","logger":"airflow.models.dagbag.DagBag"}
{"timestamp":"2025-08-27T15:18:01.714268","level":"info","event":"Filling up the DagBag from /opt/airflow/dags/spotify_etl.py","logger":"airflow.models.dagbag.DagBag"}
{"timestamp":"2025-08-27T15:18:33.226253","level":"info","event":"Filling up the DagBag from /opt/airflow/dags/spotify_etl.py","logger":"airflow.models.dagbag.DagBag"}
{"timestamp":"2025-08-27T15:19:04.855577","level":"info","event":"Filling up the DagBag from /opt/airflow/dags/spotify_etl.py","logger":"airflow.models.dagbag.DagBag"}
{"timestamp":"2025-08-27T15:19:36.447925","level":"info","event":"Filling up the DagBag from /opt/airflow/dags/spotify_etl.py","logger":"airflow.models.dagbag.DagBag"}
{"timestamp":"2025-08-27T15:20:07.954736","level":"info","event":"Filling up the DagBag from /opt/airflow/dags/spotify_etl.py","logger":"airflow.models.dagbag.DagBag"}
{"timestamp":"2025-08-27T15:20:39.036125","level":"info","event":"Filling up the DagBag from /opt/airflow/dags/spotify_etl.py","logger":"airflow.models.dagbag.DagBag"}
{"timestamp":"2025-08-27T15:21:10.212643","level":"info","event":"Filling up the DagBag from /opt/airflow/dags/spotify_etl.py","logger":"airflow.models.dagbag.DagBag"}
{"timestamp":"2025-08-27T15:21:41.861315","level":"info","event":"Filling up the DagBag from /opt/airflow/dags/spotify_etl.py","logger":"airflow.models.dagbag.DagBag"}
{"timestamp":"2025-08-27T15:22:13.409956","level":"info","event":"Filling up the DagBag from /opt/airflow/dags/spotify_etl.py","logger":"airflow.models.dagbag.DagBag"}
{"timestamp":"2025-08-27T15:22:45.024022","level":"info","event":"Filling up the DagBag from /opt/airflow/dags/spotify_etl.py","logger":"airflow.models.dagbag.DagBag"}
{"timestamp":"2025-08-27T15:23:17.072837","level":"info","event":"Filling up the DagBag from /opt/airflow/dags/spotify_etl.py","logger":"airflow.models.dagbag.DagBag"}
{"timestamp":"2025-08-27T15:23:48.447242","level":"info","event":"Filling up the DagBag from /opt/airflow/dags/spotify_etl.py","logger":"airflow.models.dagbag.DagBag"}
{"timestamp":"2025-08-27T15:24:21.382106","level":"info","event":"Filling up the DagBag from /opt/airflow/dags/spotify_etl.py","logger":"airflow.models.dagbag.DagBag"}
{"timestamp":"2025-08-27T15:24:58.828916","level":"info","event":"Filling up the DagBag from /opt/airflow/dags/spotify_etl.py","logger":"airflow.models.dagbag.DagBag"}
{"timestamp":"2025-08-27T15:25:35.387544","level":"info","event":"Filling up the DagBag from /opt/airflow/dags/spotify_etl.py","logger":"airflow.models.dagbag.DagBag"}
{"timestamp":"2025-08-27T15:26:07.038680","level":"info","event":"Filling up the DagBag from /opt/airflow/dags/spotify_etl.py","logger":"airflow.models.dagbag.DagBag"}
{"timestamp":"2025-08-27T15:26:38.620575","level":"info","event":"Filling up the DagBag from /opt/airflow/dags/spotify_etl.py","logger":"airflow.models.dagbag.DagBag"}
{"timestamp":"2025-08-27T15:27:10.528310","level":"info","event":"Filling up the DagBag from /opt/airflow/dags/spotify_etl.py","logger":"airflow.models.dagbag.DagBag"}
{"timestamp":"2025-08-27T15:27:42.298518","level":"info","event":"Filling up the DagBag from /opt/airflow/dags/spotify_etl.py","logger":"airflow.models.dagbag.DagBag"}
{"timestamp":"2025-08-27T15:28:14.069052","level":"info","event":"Filling up the DagBag from /opt/airflow/dags/spotify_etl.py","logger":"airflow.models.dagbag.DagBag"}
{"timestamp":"2025-08-27T15:28:45.866828","level":"info","event":"Filling up the DagBag from /opt/airflow/dags/spotify_etl.py","logger":"airflow.models.dagbag.DagBag"}
{"timestamp":"2025-08-27T15:29:17.839340","level":"info","event":"Filling up the DagBag from /opt/airflow/dags/spotify_etl.py","logger":"airflow.models.dagbag.DagBag"}
{"timestamp":"2025-08-27T15:29:50.055518","level":"info","event":"Filling up the DagBag from /opt/airflow/dags/spotify_etl.py","logger":"airflow.models.dagbag.DagBag"}
{"timestamp":"2025-08-27T15:30:25.143157","level":"info","event":"Filling up the DagBag from /opt/airflow/dags/spotify_etl.py","logger":"airflow.models.dagbag.DagBag"}
{"timestamp":"2025-08-27T15:30:58.404457","level":"info","event":"Filling up the DagBag from /opt/airflow/dags/spotify_etl.py","logger":"airflow.models.dagbag.DagBag"}
{"timestamp":"2025-08-27T15:31:30.640447","level":"info","event":"Filling up the DagBag from /opt/airflow/dags/spotify_etl.py","logger":"airflow.models.dagbag.DagBag"}
{"timestamp":"2025-08-27T15:32:04.373075","level":"info","event":"Filling up the DagBag from /opt/airflow/dags/spotify_etl.py","logger":"airflow.models.dagbag.DagBag"}
{"timestamp":"2025-08-27T15:32:37.958325","level":"info","event":"Filling up the DagBag from /opt/airflow/dags/spotify_etl.py","logger":"airflow.models.dagbag.DagBag"}
{"timestamp":"2025-08-27T15:33:16.621469","level":"info","event":"Filling up the DagBag from /opt/airflow/dags/spotify_etl.py","logger":"airflow.models.dagbag.DagBag"}
{"timestamp":"2025-08-27T15:34:36.664636","level":"info","event":"Filling up the DagBag from /opt/airflow/dags/spotify_etl.py","logger":"airflow.models.dagbag.DagBag"}
{"timestamp":"2025-08-27T15:35:45.189455","level":"info","event":"Filling up the DagBag from /opt/airflow/dags/spotify_etl.py","logger":"airflow.models.dagbag.DagBag"}
{"timestamp":"2025-08-27T15:36:22.074959","level":"info","event":"Filling up the DagBag from /opt/airflow/dags/spotify_etl.py","logger":"airflow.models.dagbag.DagBag"}
{"timestamp":"2025-08-27T15:36:49.577999","level":"info","event":"Filling up the DagBag from /opt/airflow/dags/spotify_etl.py","logger":"airflow.models.dagbag.DagBag"}
{"timestamp":"2025-08-27T15:37:04.230442","level":"info","event":"Filling up the DagBag from /opt/airflow/dags/spotify_etl.py","logger":"airflow.models.dagbag.DagBag"}
{"timestamp":"2025-08-27T15:37:40.280033","level":"info","event":"Filling up the DagBag from /opt/airflow/dags/spotify_etl.py","logger":"airflow.models.dagbag.DagBag"}
{"timestamp":"2025-08-27T15:38:16.070003","level":"info","event":"Filling up the DagBag from /opt/airflow/dags/spotify_etl.py","logger":"airflow.models.dagbag.DagBag"}
{"timestamp":"2025-08-27T15:38:51.855379","level":"info","event":"Filling up the DagBag from /opt/airflow/dags/spotify_etl.py","logger":"airflow.models.dagbag.DagBag"}
{"timestamp":"2025-08-27T15:39:41.998129","level":"info","event":"Filling up the DagBag from /opt/airflow/dags/spotify_etl.py","logger":"airflow.models.dagbag.DagBag"}
{"timestamp":"2025-08-27T15:40:27.902415","level":"info","event":"Filling up the DagBag from /opt/airflow/dags/spotify_etl.py","logger":"airflow.models.dagbag.DagBag"}
{"timestamp":"2025-08-27T15:42:34.624704","level":"info","event":"Filling up the DagBag from /opt/airflow/dags/spotify_etl.py","logger":"airflow.models.dagbag.DagBag"}
{"timestamp":"2025-08-27T15:43:54.741346","level":"info","event":"Filling up the DagBag from /opt/airflow/dags/spotify_etl.py","logger":"airflow.models.dagbag.DagBag"}
{"timestamp":"2025-08-27T15:45:41.565587","level":"info","event":"Filling up the DagBag from /opt/airflow/dags/spotify_etl.py","logger":"airflow.models.dagbag.DagBag"}
{"timestamp":"2025-08-27T15:46:43.464433","level":"info","event":"Filling up the DagBag from /opt/airflow/dags/spotify_etl.py","logger":"airflow.models.dagbag.DagBag"}
{"timestamp":"2025-08-27T15:48:07.730365","level":"info","event":"Filling up the DagBag from /opt/airflow/dags/spotify_etl.py","logger":"airflow.models.dagbag.DagBag"}
{"timestamp":"2025-08-27T15:49:51.052634","level":"info","event":"Filling up the DagBag from /opt/airflow/dags/spotify_etl.py","logger":"airflow.models.dagbag.DagBag"}
{"timestamp":"2025-08-27T15:51:29.090405","level":"info","event":"Filling up the DagBag from /opt/airflow/dags/spotify_etl.py","logger":"airflow.models.dagbag.DagBag"}
{"timestamp":"2025-08-27T15:53:10.312830","level":"info","event":"Filling up the DagBag from /opt/airflow/dags/spotify_etl.py","logger":"airflow.models.dagbag.DagBag"}
{"timestamp":"2025-08-27T15:54:26.067435","level":"info","event":"Filling up the DagBag from /opt/airflow/dags/spotify_etl.py","logger":"airflow.models.dagbag.DagBag"}
{"timestamp":"2025-08-27T16:27:14.880617","level":"info","event":"Filling up the DagBag from /opt/airflow/dags/spotify_etl.py","logger":"airflow.models.dagbag.DagBag"}
{"timestamp":"2025-08-27T16:28:00.705015","level":"info","event":"Filling up the DagBag from /opt/airflow/dags/spotify_etl.py","logger":"airflow.models.dagbag.DagBag"}
{"timestamp":"2025-08-27T16:28:32.361082","level":"info","event":"Filling up the DagBag from /opt/airflow/dags/spotify_etl.py","logger":"airflow.models.dagbag.DagBag"}
{"timestamp":"2025-08-27T16:29:03.773469","level":"info","event":"Filling up the DagBag from /opt/airflow/dags/spotify_etl.py","logger":"airflow.models.dagbag.DagBag"}
{"timestamp":"2025-08-27T16:29:35.186824","level":"info","event":"Filling up the DagBag from /opt/airflow/dags/spotify_etl.py","logger":"airflow.models.dagbag.DagBag"}
{"timestamp":"2025-08-27T16:30:07.457082","level":"info","event":"Filling up the DagBag from /opt/airflow/dags/spotify_etl.py","logger":"airflow.models.dagbag.DagBag"}
{"timestamp":"2025-08-27T16:46:54.466349","level":"info","event":"Filling up the DagBag from /opt/airflow/dags/spotify_etl.py","logger":"airflow.models.dagbag.DagBag"}
{"timestamp":"2025-08-27T16:47:30.533355","level":"info","event":"Filling up the DagBag from /opt/airflow/dags/spotify_etl.py","logger":"airflow.models.dagbag.DagBag"}
{"timestamp":"2025-08-27T16:48:03.926012","level":"info","event":"Filling up the DagBag from /opt/airflow/dags/spotify_etl.py","logger":"airflow.models.dagbag.DagBag"}
{"timestamp":"2025-08-27T16:48:35.506487","level":"info","event":"Filling up the DagBag from /opt/airflow/dags/spotify_etl.py","logger":"airflow.models.dagbag.DagBag"}
{"timestamp":"2025-08-27T16:49:07.220327","level":"info","event":"Filling up the DagBag from /opt/airflow/dags/spotify_etl.py","logger":"airflow.models.dagbag.DagBag"}
{"timestamp":"2025-08-27T16:49:38.695356","level":"info","event":"Filling up the DagBag from /opt/airflow/dags/spotify_etl.py","logger":"airflow.models.dagbag.DagBag"}
{"timestamp":"2025-08-27T16:50:10.606652","level":"info","event":"Filling up the DagBag from /opt/airflow/dags/spotify_etl.py","logger":"airflow.models.dagbag.DagBag"}
{"timestamp":"2025-08-27T16:50:42.140654","level":"info","event":"Filling up the DagBag from /opt/airflow/dags/spotify_etl.py","logger":"airflow.models.dagbag.DagBag"}
{"timestamp":"2025-08-27T16:51:14.316896","level":"info","event":"Filling up the DagBag from /opt/airflow/dags/spotify_etl.py","logger":"airflow.models.dagbag.DagBag"}
{"timestamp":"2025-08-27T17:06:19.235064","level":"info","event":"Filling up the DagBag from /opt/airflow/dags/spotify_etl.py","logger":"airflow.models.dagbag.DagBag"}
{"timestamp":"2025-08-27T17:06:23.270715","level":"info","event":"Filling up the DagBag from /opt/airflow/dags/spotify_etl.py","logger":"airflow.models.dagbag.DagBag"}
{"timestamp":"2025-08-27T17:06:24.061202Z","level":"warning","event":"Process exited abnormally","exit_code":126,"logger":"processor"}
{"timestamp":"2025-08-27T17:06:54.560135","level":"info","event":"Filling up the DagBag from /opt/airflow/dags/spotify_etl.py","logger":"airflow.models.dagbag.DagBag"}
{"timestamp":"2025-08-27T17:07:26.306171","level":"info","event":"Filling up the DagBag from /opt/airflow/dags/spotify_etl.py","logger":"airflow.models.dagbag.DagBag"}
{"timestamp":"2025-08-27T17:07:57.876591","level":"info","event":"Filling up the DagBag from /opt/airflow/dags/spotify_etl.py","logger":"airflow.models.dagbag.DagBag"}
{"timestamp":"2025-08-27T17:08:29.692611","level":"info","event":"Filling up the DagBag from /opt/airflow/dags/spotify_etl.py","logger":"airflow.models.dagbag.DagBag"}
{"timestamp":"2025-08-27T17:09:01.151674","level":"info","event":"Filling up the DagBag from /opt/airflow/dags/spotify_etl.py","logger":"airflow.models.dagbag.DagBag"}
{"timestamp":"2025-08-27T17:09:34.844018","level":"info","event":"Filling up the DagBag from /opt/airflow/dags/spotify_etl.py","logger":"airflow.models.dagbag.DagBag"}
{"timestamp":"2025-08-27T17:15:42.343689","level":"info","event":"Filling up the DagBag from /opt/airflow/dags/spotify_etl.py","logger":"airflow.models.dagbag.DagBag"}
{"timestamp":"2025-08-27T17:16:14.546531","level":"info","event":"Filling up the DagBag from /opt/airflow/dags/spotify_etl.py","logger":"airflow.models.dagbag.DagBag"}
{"timestamp":"2025-08-27T17:16:47.001556","level":"info","event":"Filling up the DagBag from /opt/airflow/dags/spotify_etl.py","logger":"airflow.models.dagbag.DagBag"}
{"timestamp":"2025-08-27T17:17:18.742965","level":"info","event":"Filling up the DagBag from /opt/airflow/dags/spotify_etl.py","logger":"airflow.models.dagbag.DagBag"}
{"timestamp":"2025-08-27T17:17:50.358009","level":"info","event":"Filling up the DagBag from /opt/airflow/dags/spotify_etl.py","logger":"airflow.models.dagbag.DagBag"}
{"timestamp":"2025-08-27T17:18:21.945159","level":"info","event":"Filling up the DagBag from /opt/airflow/dags/spotify_etl.py","logger":"airflow.models.dagbag.DagBag"}
{"timestamp":"2025-08-27T17:18:53.552363","level":"info","event":"Filling up the DagBag from /opt/airflow/dags/spotify_etl.py","logger":"airflow.models.dagbag.DagBag"}
{"timestamp":"2025-08-27T17:19:24.970767","level":"info","event":"Filling up the DagBag from /opt/airflow/dags/spotify_etl.py","logger":"airflow.models.dagbag.DagBag"}
{"timestamp":"2025-08-27T17:19:56.801001","level":"info","event":"Filling up the DagBag from /opt/airflow/dags/spotify_etl.py","logger":"airflow.models.dagbag.DagBag"}
{"timestamp":"2025-08-27T17:20:28.305845","level":"info","event":"Filling up the DagBag from /opt/airflow/dags/spotify_etl.py","logger":"airflow.models.dagbag.DagBag"}
{"timestamp":"2025-08-27T17:20:59.614445","level":"info","event":"Filling up the DagBag from /opt/airflow/dags/spotify_etl.py","logger":"airflow.models.dagbag.DagBag"}
{"timestamp":"2025-08-27T17:21:30.945757","level":"info","event":"Filling up the DagBag from /opt/airflow/dags/spotify_etl.py","logger":"airflow.models.dagbag.DagBag"}
{"timestamp":"2025-08-27T17:22:02.339908","level":"info","event":"Filling up the DagBag from /opt/airflow/dags/spotify_etl.py","logger":"airflow.models.dagbag.DagBag"}
{"timestamp":"2025-08-27T17:22:33.707910","level":"info","event":"Filling up the DagBag from /opt/airflow/dags/spotify_etl.py","logger":"airflow.models.dagbag.DagBag"}
{"timestamp":"2025-08-27T17:23:06.701247","level":"info","event":"Filling up the DagBag from /opt/airflow/dags/spotify_etl.py","logger":"airflow.models.dagbag.DagBag"}
{"timestamp":"2025-08-27T17:42:40.830184","level":"info","event":"Filling up the DagBag from /opt/airflow/dags/spotify_etl.py","logger":"airflow.models.dagbag.DagBag"}
{"timestamp":"2025-08-27T17:43:14.669437","level":"info","event":"Filling up the DagBag from /opt/airflow/dags/spotify_etl.py","logger":"airflow.models.dagbag.DagBag"}
{"timestamp":"2025-08-27T17:43:49.165308","level":"info","event":"Filling up the DagBag from /opt/airflow/dags/spotify_etl.py","logger":"airflow.models.dagbag.DagBag"}
{"timestamp":"2025-08-27T17:44:20.981543","level":"info","event":"Filling up the DagBag from /opt/airflow/dags/spotify_etl.py","logger":"airflow.models.dagbag.DagBag"}
{"timestamp":"2025-08-27T17:44:52.700981","level":"info","event":"Filling up the DagBag from /opt/airflow/dags/spotify_etl.py","logger":"airflow.models.dagbag.DagBag"}
{"timestamp":"2025-08-27T17:45:24.306821","level":"info","event":"Filling up the DagBag from /opt/airflow/dags/spotify_etl.py","logger":"airflow.models.dagbag.DagBag"}
{"timestamp":"2025-08-27T17:45:55.881794","level":"info","event":"Filling up the DagBag from /opt/airflow/dags/spotify_etl.py","logger":"airflow.models.dagbag.DagBag"}
{"timestamp":"2025-08-27T17:46:28.459432","level":"info","event":"Filling up the DagBag from /opt/airflow/dags/spotify_etl.py","logger":"airflow.models.dagbag.DagBag"}
{"timestamp":"2025-08-27T17:47:00.419422","level":"info","event":"Filling up the DagBag from /opt/airflow/dags/spotify_etl.py","logger":"airflow.models.dagbag.DagBag"}
{"timestamp":"2025-08-27T17:47:31.933228","level":"info","event":"Filling up the DagBag from /opt/airflow/dags/spotify_etl.py","logger":"airflow.models.dagbag.DagBag"}
{"timestamp":"2025-08-27T17:48:03.395285","level":"info","event":"Filling up the DagBag from /opt/airflow/dags/spotify_etl.py","logger":"airflow.models.dagbag.DagBag"}
{"timestamp":"2025-08-27T18:01:06.308774","level":"info","event":"Filling up the DagBag from /opt/airflow/dags/spotify_etl.py","logger":"airflow.models.dagbag.DagBag"}
{"timestamp":"2025-08-27T18:01:38.238123","level":"info","event":"Filling up the DagBag from /opt/airflow/dags/spotify_etl.py","logger":"airflow.models.dagbag.DagBag"}
{"timestamp":"2025-08-27T18:02:10.448432","level":"info","event":"Filling up the DagBag from /opt/airflow/dags/spotify_etl.py","logger":"airflow.models.dagbag.DagBag"}
{"timestamp":"2025-08-27T18:02:42.026911","level":"info","event":"Filling up the DagBag from /opt/airflow/dags/spotify_etl.py","logger":"airflow.models.dagbag.DagBag"}
{"timestamp":"2025-08-27T18:03:13.699457","level":"info","event":"Filling up the DagBag from /opt/airflow/dags/spotify_etl.py","logger":"airflow.models.dagbag.DagBag"}
{"timestamp":"2025-08-27T18:03:45.353738","level":"info","event":"Filling up the DagBag from /opt/airflow/dags/spotify_etl.py","logger":"airflow.models.dagbag.DagBag"}
{"timestamp":"2025-08-27T18:04:17.139526","level":"info","event":"Filling up the DagBag from /opt/airflow/dags/spotify_etl.py","logger":"airflow.models.dagbag.DagBag"}
{"timestamp":"2025-08-27T18:04:48.678763","level":"info","event":"Filling up the DagBag from /opt/airflow/dags/spotify_etl.py","logger":"airflow.models.dagbag.DagBag"}
{"timestamp":"2025-08-27T18:05:20.412977","level":"info","event":"Filling up the DagBag from /opt/airflow/dags/spotify_etl.py","logger":"airflow.models.dagbag.DagBag"}
{"timestamp":"2025-08-27T18:05:52.235189","level":"info","event":"Filling up the DagBag from /opt/airflow/dags/spotify_etl.py","logger":"airflow.models.dagbag.DagBag"}
{"timestamp":"2025-08-27T18:06:24.783549","level":"info","event":"Filling up the DagBag from /opt/airflow/dags/spotify_etl.py","logger":"airflow.models.dagbag.DagBag"}
{"timestamp":"2025-08-27T18:06:56.427534","level":"info","event":"Filling up the DagBag from /opt/airflow/dags/spotify_etl.py","logger":"airflow.models.dagbag.DagBag"}
{"timestamp":"2025-08-27T18:15:18.884433","level":"info","event":"Filling up the DagBag from /opt/airflow/dags/spotify_etl.py","logger":"airflow.models.dagbag.DagBag"}
{"timestamp":"2025-08-27T18:15:53.501207","level":"info","event":"Filling up the DagBag from /opt/airflow/dags/spotify_etl.py","logger":"airflow.models.dagbag.DagBag"}
{"timestamp":"2025-08-27T18:15:54.479378Z","level":"warning","event":"Process exited abnormally","exit_code":126,"logger":"processor"}
{"timestamp":"2025-08-27T18:16:24.887447","level":"info","event":"Filling up the DagBag from /opt/airflow/dags/spotify_etl.py","logger":"airflow.models.dagbag.DagBag"}
{"timestamp":"2025-08-27T18:16:56.128852","level":"info","event":"Filling up the DagBag from /opt/airflow/dags/spotify_etl.py","logger":"airflow.models.dagbag.DagBag"}
{"timestamp":"2025-08-27T18:17:27.594835","level":"info","event":"Filling up the DagBag from /opt/airflow/dags/spotify_etl.py","logger":"airflow.models.dagbag.DagBag"}
{"timestamp":"2025-08-27T18:17:59.177062","level":"info","event":"Filling up the DagBag from /opt/airflow/dags/spotify_etl.py","logger":"airflow.models.dagbag.DagBag"}
{"timestamp":"2025-08-27T18:18:30.913994","level":"info","event":"Filling up the DagBag from /opt/airflow/dags/spotify_etl.py","logger":"airflow.models.dagbag.DagBag"}
{"timestamp":"2025-08-27T20:19:32.000423","level":"info","event":"Filling up the DagBag from /opt/airflow/dags/spotify_etl.py","logger":"airflow.models.dagbag.DagBag"}
{"timestamp":"2025-08-27T23:57:16.769779","level":"info","event":"Filling up the DagBag from /opt/airflow/dags/spotify_etl.py","logger":"airflow.models.dagbag.DagBag"}
