{"timestamp":"2025-08-22T13:30:01.350908","level":"info","event":"DAG bundles loaded: dags-folder","logger":"airflow.dag_processing.bundles.manager.DagBundlesManager"}
{"timestamp":"2025-08-22T13:30:01.352544","level":"info","event":"Filling up the DagBag from /opt/airflow/dags/sp_artist_id.py","logger":"airflow.models.dagbag.DagBag"}
{"timestamp":"2025-08-22T13:30:02.098709","level":"info","event":"Connection Retrieved 'gcp_spotify'","logger":"airflow.hooks.base"}
{"timestamp":"2025-08-22T13:30:02.105601","level":"info","event":"Connection Retrieved 'gcp_spotify'","logger":"airflow.hooks.base"}
{"timestamp":"2025-08-22T13:30:04.597283","level":"info","event":"Data stream uploaded to 20250822/batch_000001.json in artist_names_batch bucket","logger":"airflow.task.hooks.airflow.providers.google.cloud.hooks.gcs.GCSHook"}
{"timestamp":"2025-08-22T13:30:05.207626","level":"info","event":"Data stream uploaded to 20250822/batch_000002.json in artist_names_batch bucket","logger":"airflow.task.hooks.airflow.providers.google.cloud.hooks.gcs.GCSHook"}
{"timestamp":"2025-08-22T13:30:05.718739","level":"info","event":"Data stream uploaded to 20250822/batch_000003.json in artist_names_batch bucket","logger":"airflow.task.hooks.airflow.providers.google.cloud.hooks.gcs.GCSHook"}
{"timestamp":"2025-08-22T13:30:06.232445","level":"info","event":"Data stream uploaded to 20250822/batch_000004.json in artist_names_batch bucket","logger":"airflow.task.hooks.airflow.providers.google.cloud.hooks.gcs.GCSHook"}
{"timestamp":"2025-08-22T13:30:06.756817","level":"info","event":"Data stream uploaded to 20250822/batch_000005.json in artist_names_batch bucket","logger":"airflow.task.hooks.airflow.providers.google.cloud.hooks.gcs.GCSHook"}
{"timestamp":"2025-08-22T13:30:07.166434","level":"info","event":"Data stream uploaded to 20250822/batch_000006.json in artist_names_batch bucket","logger":"airflow.task.hooks.airflow.providers.google.cloud.hooks.gcs.GCSHook"}
{"timestamp":"2025-08-22T13:30:07.768413","level":"info","event":"Data stream uploaded to 20250822/batch_000007.json in artist_names_batch bucket","logger":"airflow.task.hooks.airflow.providers.google.cloud.hooks.gcs.GCSHook"}
{"timestamp":"2025-08-22T13:30:08.279361","level":"info","event":"Data stream uploaded to 20250822/batch_000008.json in artist_names_batch bucket","logger":"airflow.task.hooks.airflow.providers.google.cloud.hooks.gcs.GCSHook"}
{"timestamp":"2025-08-22T13:30:08.791562","level":"info","event":"Data stream uploaded to 20250822/batch_000009.json in artist_names_batch bucket","logger":"airflow.task.hooks.airflow.providers.google.cloud.hooks.gcs.GCSHook"}
{"timestamp":"2025-08-22T13:30:09.306422","level":"info","event":"Data stream uploaded to 20250822/batch_000010.json in artist_names_batch bucket","logger":"airflow.task.hooks.airflow.providers.google.cloud.hooks.gcs.GCSHook"}
{"timestamp":"2025-08-22T13:30:09.818096","level":"info","event":"Data stream uploaded to 20250822/batch_000011.json in artist_names_batch bucket","logger":"airflow.task.hooks.airflow.providers.google.cloud.hooks.gcs.GCSHook"}
{"timestamp":"2025-08-22T13:30:10.344334","level":"info","event":"Data stream uploaded to 20250822/batch_000012.json in artist_names_batch bucket","logger":"airflow.task.hooks.airflow.providers.google.cloud.hooks.gcs.GCSHook"}
{"timestamp":"2025-08-22T13:30:10.839987","level":"info","event":"Data stream uploaded to 20250822/batch_000013.json in artist_names_batch bucket","logger":"airflow.task.hooks.airflow.providers.google.cloud.hooks.gcs.GCSHook"}
{"timestamp":"2025-08-22T13:30:11.352073","level":"info","event":"Data stream uploaded to 20250822/batch_000014.json in artist_names_batch bucket","logger":"airflow.task.hooks.airflow.providers.google.cloud.hooks.gcs.GCSHook"}
{"timestamp":"2025-08-22T13:30:11.866918","level":"info","event":"Data stream uploaded to 20250822/batch_000015.json in artist_names_batch bucket","logger":"airflow.task.hooks.airflow.providers.google.cloud.hooks.gcs.GCSHook"}
{"timestamp":"2025-08-22T13:30:12.373164","level":"info","event":"Data stream uploaded to 20250822/batch_000016.json in artist_names_batch bucket","logger":"airflow.task.hooks.airflow.providers.google.cloud.hooks.gcs.GCSHook"}
{"timestamp":"2025-08-22T13:30:12.888658","level":"info","event":"Data stream uploaded to 20250822/batch_000017.json in artist_names_batch bucket","logger":"airflow.task.hooks.airflow.providers.google.cloud.hooks.gcs.GCSHook"}
{"timestamp":"2025-08-22T13:30:13.400570","level":"info","event":"Data stream uploaded to 20250822/batch_000018.json in artist_names_batch bucket","logger":"airflow.task.hooks.airflow.providers.google.cloud.hooks.gcs.GCSHook"}
{"timestamp":"2025-08-22T13:30:13.914351","level":"info","event":"Data stream uploaded to 20250822/batch_000019.json in artist_names_batch bucket","logger":"airflow.task.hooks.airflow.providers.google.cloud.hooks.gcs.GCSHook"}
{"timestamp":"2025-08-22T13:30:14.423426","level":"info","event":"Data stream uploaded to 20250822/batch_000020.json in artist_names_batch bucket","logger":"airflow.task.hooks.airflow.providers.google.cloud.hooks.gcs.GCSHook"}
{"timestamp":"2025-08-22T13:30:14.937011","level":"info","event":"Data stream uploaded to 20250822/batch_000021.json in artist_names_batch bucket","logger":"airflow.task.hooks.airflow.providers.google.cloud.hooks.gcs.GCSHook"}
{"timestamp":"2025-08-22T13:30:15.359020","level":"info","event":"Data stream uploaded to 20250822/batch_000022.json in artist_names_batch bucket","logger":"airflow.task.hooks.airflow.providers.google.cloud.hooks.gcs.GCSHook"}
{"timestamp":"2025-08-22T13:30:15.858454","level":"info","event":"Data stream uploaded to 20250822/batch_000023.json in artist_names_batch bucket","logger":"airflow.task.hooks.airflow.providers.google.cloud.hooks.gcs.GCSHook"}
{"timestamp":"2025-08-22T13:30:16.374806","level":"info","event":"Data stream uploaded to 20250822/batch_000024.json in artist_names_batch bucket","logger":"airflow.task.hooks.airflow.providers.google.cloud.hooks.gcs.GCSHook"}
{"timestamp":"2025-08-22T13:30:16.856973","level":"info","event":"Data stream uploaded to 20250822/batch_000025.json in artist_names_batch bucket","logger":"airflow.task.hooks.airflow.providers.google.cloud.hooks.gcs.GCSHook"}
{"timestamp":"2025-08-22T13:30:17.293583","level":"info","event":"Data stream uploaded to 20250822/batch_000026.json in artist_names_batch bucket","logger":"airflow.task.hooks.airflow.providers.google.cloud.hooks.gcs.GCSHook"}
{"timestamp":"2025-08-22T13:30:17.745603","level":"info","event":"Data stream uploaded to 20250822/batch_000027.json in artist_names_batch bucket","logger":"airflow.task.hooks.airflow.providers.google.cloud.hooks.gcs.GCSHook"}
{"timestamp":"2025-08-22T13:30:18.215884","level":"info","event":"Data stream uploaded to 20250822/batch_000028.json in artist_names_batch bucket","logger":"airflow.task.hooks.airflow.providers.google.cloud.hooks.gcs.GCSHook"}
{"timestamp":"2025-08-22T13:30:18.622799","level":"info","event":"Data stream uploaded to 20250822/batch_000029.json in artist_names_batch bucket","logger":"airflow.task.hooks.airflow.providers.google.cloud.hooks.gcs.GCSHook"}
{"timestamp":"2025-08-22T13:30:20.161908","level":"info","event":"Data stream uploaded to 20250822/batch_000030.json in artist_names_batch bucket","logger":"airflow.task.hooks.airflow.providers.google.cloud.hooks.gcs.GCSHook"}
{"timestamp":"2025-08-22T13:30:21.116600","level":"info","event":"Done. Returned value was: None","logger":"airflow.task.operators.airflow.providers.standard.operators.python.PythonOperator"}
